[0.012s] Invoking command in '/root/ws_car/build/car_odom': CMAKE_PREFIX_PATH=${CMAKE_PREFIX_PATH}:/root/monicar2_ws/install/monicar2_teleop:/root/monicar2_ws/install/monicar2_localization:/root/monicar2_ws/install/monicar2_imuconverter:/root/monicar2_ws/install/monicar2_bringup:/root/turtlebot3_ws/install/turtlebot3_teleop:/root/turtlebot3_ws/install/turtlebot3_example:/opt/ros/humble /usr/bin/cmake /root/ws_car/src/car_odom -DAMENT_CMAKE_SYMLINK_INSTALL=1 -DCMAKE_INSTALL_PREFIX=/root/ws_car/install/car_odom
[0.059s] -- The C compiler identification is GNU 11.4.0
[0.099s] -- The CXX compiler identification is GNU 11.4.0
[0.104s] -- Detecting C compiler ABI info
[0.153s] -- Detecting C compiler ABI info - done
[0.158s] -- Check for working C compiler: /usr/bin/cc - skipped
[0.159s] -- Detecting C compile features
[0.159s] -- Detecting C compile features - done
[0.161s] -- Detecting CXX compiler ABI info
[0.215s] -- Detecting CXX compiler ABI info - done
[0.220s] -- Check for working CXX compiler: /usr/bin/c++ - skipped
[0.220s] -- Detecting CXX compile features
[0.220s] -- Detecting CXX compile features - done
[0.234s] -- Found ament_cmake: 1.3.8 (/opt/ros/humble/share/ament_cmake/cmake)
[0.346s] -- Found Python3: /usr/bin/python3 (found version "3.10.12") found components: Interpreter 
[0.390s] -- Override CMake install command with custom implementation using symlinks instead of copying resources
[0.427s] -- Found tf2: 0.25.6 (/opt/ros/humble/share/tf2/cmake)
[0.497s] -- Found rosidl_generator_c: 3.1.5 (/opt/ros/humble/share/rosidl_generator_c/cmake)
[0.504s] -- Found rosidl_adapter: 3.1.5 (/opt/ros/humble/share/rosidl_adapter/cmake)
[0.515s] -- Found rosidl_generator_cpp: 3.1.5 (/opt/ros/humble/share/rosidl_generator_cpp/cmake)
[0.532s] -- Using all available rosidl_typesupport_c: rosidl_typesupport_fastrtps_c;rosidl_typesupport_introspection_c
[0.553s] -- Using all available rosidl_typesupport_cpp: rosidl_typesupport_fastrtps_cpp;rosidl_typesupport_introspection_cpp
[0.647s] -- Found tf2_ros: 0.25.6 (/opt/ros/humble/share/tf2_ros/cmake)
[0.762s] -- Found rmw_implementation_cmake: 6.1.1 (/opt/ros/humble/share/rmw_implementation_cmake/cmake)
[0.767s] -- Found rmw_fastrtps_cpp: 6.2.6 (/opt/ros/humble/share/rmw_fastrtps_cpp/cmake)
[0.863s] -- Found OpenSSL: /usr/lib/x86_64-linux-gnu/libcrypto.so (found version "3.0.2")  
[0.885s] -- Found FastRTPS: /opt/ros/humble/include  
[0.917s] -- Using RMW implementation 'rmw_fastrtps_cpp' as default
[0.931s] -- Looking for pthread.h
[1.010s] -- Looking for pthread.h - found
[1.010s] -- Performing Test CMAKE_HAVE_LIBC_PTHREAD
[1.077s] -- Performing Test CMAKE_HAVE_LIBC_PTHREAD - Success
[1.077s] -- Found Threads: TRUE  
[1.360s] -- Found nav_msgs: 4.2.3 (/opt/ros/humble/share/nav_msgs/cmake)
[1.416s] -- Found ament_lint_auto: 0.12.10 (/opt/ros/humble/share/ament_lint_auto/cmake)
[1.478s] -- Added test 'cppcheck' to perform static code analysis on C / C++ code
[1.478s] -- Configured cppcheck include dirs: 
[1.478s] -- Configured cppcheck exclude dirs and/or files: 
[1.479s] -- Added test 'lint_cmake' to check CMake code style
[1.480s] -- Added test 'uncrustify' to check C / C++ code style
[1.480s] -- Configured uncrustify additional arguments: 
[1.480s] -- Added test 'xmllint' to check XML markup files
[1.481s] -- Configuring done
[1.487s] -- Generating done
[1.488s] -- Build files have been written to: /root/ws_car/build/car_odom
[1.497s] Invoked command in '/root/ws_car/build/car_odom' returned '0': CMAKE_PREFIX_PATH=${CMAKE_PREFIX_PATH}:/root/monicar2_ws/install/monicar2_teleop:/root/monicar2_ws/install/monicar2_localization:/root/monicar2_ws/install/monicar2_imuconverter:/root/monicar2_ws/install/monicar2_bringup:/root/turtlebot3_ws/install/turtlebot3_teleop:/root/turtlebot3_ws/install/turtlebot3_example:/opt/ros/humble /usr/bin/cmake /root/ws_car/src/car_odom -DAMENT_CMAKE_SYMLINK_INSTALL=1 -DCMAKE_INSTALL_PREFIX=/root/ws_car/install/car_odom
[1.497s] Invoking command in '/root/ws_car/build/car_odom': CMAKE_PREFIX_PATH=${CMAKE_PREFIX_PATH}:/root/monicar2_ws/install/monicar2_teleop:/root/monicar2_ws/install/monicar2_localization:/root/monicar2_ws/install/monicar2_imuconverter:/root/monicar2_ws/install/monicar2_bringup:/root/turtlebot3_ws/install/turtlebot3_teleop:/root/turtlebot3_ws/install/turtlebot3_example:/opt/ros/humble /usr/bin/cmake --build /root/ws_car/build/car_odom -- -j8 -l8
[1.536s] [ 50%] [32mBuilding CXX object CMakeFiles/car_odom.dir/src/car_odom.cpp.o[0m
[6.947s] [100%] [32m[1mLinking CXX executable car_odom[0m
[7.242s] [100%] Built target car_odom
[7.249s] Invoked command in '/root/ws_car/build/car_odom' returned '0': CMAKE_PREFIX_PATH=${CMAKE_PREFIX_PATH}:/root/monicar2_ws/install/monicar2_teleop:/root/monicar2_ws/install/monicar2_localization:/root/monicar2_ws/install/monicar2_imuconverter:/root/monicar2_ws/install/monicar2_bringup:/root/turtlebot3_ws/install/turtlebot3_teleop:/root/turtlebot3_ws/install/turtlebot3_example:/opt/ros/humble /usr/bin/cmake --build /root/ws_car/build/car_odom -- -j8 -l8
[7.276s] Invoking command in '/root/ws_car/build/car_odom': CMAKE_PREFIX_PATH=${CMAKE_PREFIX_PATH}:/root/monicar2_ws/install/monicar2_teleop:/root/monicar2_ws/install/monicar2_localization:/root/monicar2_ws/install/monicar2_imuconverter:/root/monicar2_ws/install/monicar2_bringup:/root/turtlebot3_ws/install/turtlebot3_teleop:/root/turtlebot3_ws/install/turtlebot3_example:/opt/ros/humble /usr/bin/cmake --install /root/ws_car/build/car_odom
[7.281s] -- Install configuration: ""
[7.281s] -- Execute custom install script
[7.281s] -- Symlinking: /root/ws_car/install/car_odom/lib/car_odom/car_odom
[7.290s] -- Symlinking: /root/ws_car/install/car_odom/share/ament_index/resource_index/package_run_dependencies/car_odom
[7.300s] -- Symlinking: /root/ws_car/install/car_odom/share/ament_index/resource_index/parent_prefix_path/car_odom
[7.309s] -- Symlinking: /root/ws_car/install/car_odom/share/car_odom/environment/ament_prefix_path.sh
[7.315s] -- Symlinking: /root/ws_car/install/car_odom/share/car_odom/environment/ament_prefix_path.dsv
[7.321s] -- Symlinking: /root/ws_car/install/car_odom/share/car_odom/environment/path.sh
[7.326s] -- Symlinking: /root/ws_car/install/car_odom/share/car_odom/environment/path.dsv
[7.332s] -- Symlinking: /root/ws_car/install/car_odom/share/car_odom/local_setup.bash
[7.337s] -- Symlinking: /root/ws_car/install/car_odom/share/car_odom/local_setup.sh
[7.343s] -- Symlinking: /root/ws_car/install/car_odom/share/car_odom/local_setup.zsh
[7.349s] -- Symlinking: /root/ws_car/install/car_odom/share/car_odom/local_setup.dsv
[7.354s] -- Symlinking: /root/ws_car/install/car_odom/share/car_odom/package.dsv
[7.361s] -- Symlinking: /root/ws_car/install/car_odom/share/ament_index/resource_index/packages/car_odom
[7.366s] -- Symlinking: /root/ws_car/install/car_odom/share/car_odom/cmake/car_odomConfig.cmake
[7.372s] -- Symlinking: /root/ws_car/install/car_odom/share/car_odom/cmake/car_odomConfig-version.cmake
[7.378s] -- Symlinking: /root/ws_car/install/car_odom/share/car_odom/package.xml
[7.385s] Invoked command in '/root/ws_car/build/car_odom' returned '0': CMAKE_PREFIX_PATH=${CMAKE_PREFIX_PATH}:/root/monicar2_ws/install/monicar2_teleop:/root/monicar2_ws/install/monicar2_localization:/root/monicar2_ws/install/monicar2_imuconverter:/root/monicar2_ws/install/monicar2_bringup:/root/turtlebot3_ws/install/turtlebot3_teleop:/root/turtlebot3_ws/install/turtlebot3_example:/opt/ros/humble /usr/bin/cmake --install /root/ws_car/build/car_odom
