[0.420s] Invoking command in '/root/ws_car/src/car_tutorial/build/car_tutorial': PYTHONPATH=/root/ws_car/src/car_tutorial/build/car_tutorial/prefix_override:/root/ws_car/src/car_tutorial/install/car_tutorial/lib/python3.10/site-packages:${PYTHONPATH} /usr/bin/python3 -W ignore:setup.py install is deprecated setup.py develop --editable --build-directory /root/ws_car/src/car_tutorial/build/car_tutorial/build --no-deps symlink_data
[0.600s] running develop
[0.703s] running egg_info
[0.704s] creating car_tutorial.egg-info
[0.704s] writing car_tutorial.egg-info/PKG-INFO
[0.704s] writing dependency_links to car_tutorial.egg-info/dependency_links.txt
[0.704s] writing entry points to car_tutorial.egg-info/entry_points.txt
[0.704s] writing requirements to car_tutorial.egg-info/requires.txt
[0.704s] writing top-level names to car_tutorial.egg-info/top_level.txt
[0.704s] writing manifest file 'car_tutorial.egg-info/SOURCES.txt'
[0.705s] reading manifest file 'car_tutorial.egg-info/SOURCES.txt'
[0.705s] writing manifest file 'car_tutorial.egg-info/SOURCES.txt'
[0.706s] running build_ext
[0.706s] Creating /root/ws_car/src/car_tutorial/install/car_tutorial/lib/python3.10/site-packages/car-tutorial.egg-link (link to .)
[0.707s] 
[0.707s] Installed /root/ws_car/src/car_tutorial/build/car_tutorial
[0.707s] running symlink_data
[0.707s] creating /root/ws_car/src/car_tutorial/install/car_tutorial/share/ament_index
[0.707s] creating /root/ws_car/src/car_tutorial/install/car_tutorial/share/ament_index/resource_index
[0.707s] creating /root/ws_car/src/car_tutorial/install/car_tutorial/share/ament_index/resource_index/packages
[0.707s] symbolically linking /root/ws_car/src/car_tutorial/build/car_tutorial/resource/car_tutorial -> /root/ws_car/src/car_tutorial/install/car_tutorial/share/ament_index/resource_index/packages
[0.707s] symbolically linking /root/ws_car/src/car_tutorial/build/car_tutorial/package.xml -> /root/ws_car/src/car_tutorial/install/car_tutorial/share/car_tutorial
[0.707s] creating /root/ws_car/src/car_tutorial/install/car_tutorial/share/car_tutorial/launch
[0.707s] symbolically linking /root/ws_car/src/car_tutorial/build/car_tutorial/launch/fake.launch.py -> /root/ws_car/src/car_tutorial/install/car_tutorial/share/car_tutorial/launch
[0.707s] creating /root/ws_car/src/car_tutorial/install/car_tutorial/share/car_tutorial/config
[0.707s] creating /root/ws_car/src/car_tutorial/install/car_tutorial/share/car_tutorial/urdf
[0.707s] symbolically linking /root/ws_car/src/car_tutorial/build/car_tutorial/urdf/car.xacro -> /root/ws_car/src/car_tutorial/install/car_tutorial/share/car_tutorial/urdf
[0.728s] Invoked command in '/root/ws_car/src/car_tutorial/build/car_tutorial' returned '0': PYTHONPATH=/root/ws_car/src/car_tutorial/build/car_tutorial/prefix_override:/root/ws_car/src/car_tutorial/install/car_tutorial/lib/python3.10/site-packages:${PYTHONPATH} /usr/bin/python3 -W ignore:setup.py install is deprecated setup.py develop --editable --build-directory /root/ws_car/src/car_tutorial/build/car_tutorial/build --no-deps symlink_data
