[0.076s] DEBUG:colcon:Command line arguments: ['/usr/bin/colcon', 'build', '--symlink-install']
[0.076s] DEBUG:colcon:Parsed command line arguments: Namespace(log_base=None, log_level=None, verb_name='build', build_base='build', install_base='install', merge_install=False, symlink_install=True, test_result_base=None, continue_on_error=False, executor='parallel', parallel_workers=8, event_handlers=None, ignore_user_meta=False, metas=['./colcon.meta'], base_paths=['.'], packages_ignore=None, packages_ignore_regex=None, paths=None, packages_up_to=None, packages_up_to_regex=None, packages_above=None, packages_above_and_dependencies=None, packages_above_depth=None, packages_select_by_dep=None, packages_skip_by_dep=None, packages_skip_up_to=None, packages_select_build_failed=False, packages_skip_build_finished=False, packages_select_test_failures=False, packages_skip_test_passed=False, packages_select=None, packages_skip=None, packages_select_regex=None, packages_skip_regex=None, packages_start=None, packages_end=None, allow_overriding=[], cmake_args=None, cmake_target=None, cmake_target_skip_unavailable=False, cmake_clean_cache=False, cmake_clean_first=False, cmake_force_configure=False, ament_cmake_args=None, catkin_cmake_args=None, catkin_skip_building_tests=False, mixin_files=None, mixin=None, verb_parser=<colcon_mixin.mixin.mixin_argument.MixinArgumentDecorator object at 0x759cd3a64df0>, verb_extension=<colcon_core.verb.build.BuildVerb object at 0x759cd3a64940>, main=<bound method BuildVerb.main of <colcon_core.verb.build.BuildVerb object at 0x759cd3a64940>>, mixin_verb=('build',))
[0.176s] Level 1:colcon.colcon_core.package_discovery:discover_packages(colcon_meta) check parameters
[0.177s] Level 1:colcon.colcon_core.package_discovery:discover_packages(recursive) check parameters
[0.177s] Level 1:colcon.colcon_core.package_discovery:discover_packages(ignore) check parameters
[0.177s] Level 1:colcon.colcon_core.package_discovery:discover_packages(path) check parameters
[0.177s] Level 1:colcon.colcon_core.package_discovery:discover_packages(colcon_meta) discover
[0.177s] Level 1:colcon.colcon_core.package_discovery:discover_packages(recursive) discover
[0.177s] INFO:colcon.colcon_core.package_discovery:Crawling recursively for packages in '/home/robot/ws_arm'
[0.177s] Level 1:colcon.colcon_core.package_identification:_identify(.) by extensions ['ignore', 'ignore_ament_install']
[0.177s] Level 1:colcon.colcon_core.package_identification:_identify(.) by extension 'ignore'
[0.177s] Level 1:colcon.colcon_core.package_identification:_identify(.) by extension 'ignore_ament_install'
[0.177s] Level 1:colcon.colcon_core.package_identification:_identify(.) by extensions ['colcon_pkg']
[0.177s] Level 1:colcon.colcon_core.package_identification:_identify(.) by extension 'colcon_pkg'
[0.177s] Level 1:colcon.colcon_core.package_identification:_identify(.) by extensions ['colcon_meta']
[0.177s] Level 1:colcon.colcon_core.package_identification:_identify(.) by extension 'colcon_meta'
[0.177s] Level 1:colcon.colcon_core.package_identification:_identify(.) by extensions ['ros']
[0.177s] Level 1:colcon.colcon_core.package_identification:_identify(.) by extension 'ros'
[0.183s] Level 1:colcon.colcon_core.package_identification:_identify(.) by extensions ['cmake', 'python']
[0.183s] Level 1:colcon.colcon_core.package_identification:_identify(.) by extension 'cmake'
[0.183s] Level 1:colcon.colcon_core.package_identification:_identify(.) by extension 'python'
[0.183s] Level 1:colcon.colcon_core.package_identification:_identify(.) by extensions ['python_setup_py']
[0.184s] Level 1:colcon.colcon_core.package_identification:_identify(.) by extension 'python_setup_py'
[0.184s] Level 1:colcon.colcon_core.package_identification:_identify(build) by extensions ['ignore', 'ignore_ament_install']
[0.184s] Level 1:colcon.colcon_core.package_identification:_identify(build) by extension 'ignore'
[0.184s] Level 1:colcon.colcon_core.package_identification:_identify(build) ignored
[0.184s] Level 1:colcon.colcon_core.package_identification:_identify(install) by extensions ['ignore', 'ignore_ament_install']
[0.184s] Level 1:colcon.colcon_core.package_identification:_identify(install) by extension 'ignore'
[0.184s] Level 1:colcon.colcon_core.package_identification:_identify(install) ignored
[0.184s] Level 1:colcon.colcon_core.package_identification:_identify(log) by extensions ['ignore', 'ignore_ament_install']
[0.184s] Level 1:colcon.colcon_core.package_identification:_identify(log) by extension 'ignore'
[0.184s] Level 1:colcon.colcon_core.package_identification:_identify(log) ignored
[0.184s] Level 1:colcon.colcon_core.package_identification:_identify(src) by extensions ['ignore', 'ignore_ament_install']
[0.184s] Level 1:colcon.colcon_core.package_identification:_identify(src) by extension 'ignore'
[0.184s] Level 1:colcon.colcon_core.package_identification:_identify(src) by extension 'ignore_ament_install'
[0.184s] Level 1:colcon.colcon_core.package_identification:_identify(src) by extensions ['colcon_pkg']
[0.184s] Level 1:colcon.colcon_core.package_identification:_identify(src) by extension 'colcon_pkg'
[0.184s] Level 1:colcon.colcon_core.package_identification:_identify(src) by extensions ['colcon_meta']
[0.184s] Level 1:colcon.colcon_core.package_identification:_identify(src) by extension 'colcon_meta'
[0.184s] Level 1:colcon.colcon_core.package_identification:_identify(src) by extensions ['ros']
[0.184s] Level 1:colcon.colcon_core.package_identification:_identify(src) by extension 'ros'
[0.184s] Level 1:colcon.colcon_core.package_identification:_identify(src) by extensions ['cmake', 'python']
[0.184s] Level 1:colcon.colcon_core.package_identification:_identify(src) by extension 'cmake'
[0.184s] Level 1:colcon.colcon_core.package_identification:_identify(src) by extension 'python'
[0.184s] Level 1:colcon.colcon_core.package_identification:_identify(src) by extensions ['python_setup_py']
[0.184s] Level 1:colcon.colcon_core.package_identification:_identify(src) by extension 'python_setup_py'
[0.184s] Level 1:colcon.colcon_core.package_identification:_identify(src/arm_odom) by extensions ['ignore', 'ignore_ament_install']
[0.184s] Level 1:colcon.colcon_core.package_identification:_identify(src/arm_odom) by extension 'ignore'
[0.184s] Level 1:colcon.colcon_core.package_identification:_identify(src/arm_odom) by extension 'ignore_ament_install'
[0.184s] Level 1:colcon.colcon_core.package_identification:_identify(src/arm_odom) by extensions ['colcon_pkg']
[0.184s] Level 1:colcon.colcon_core.package_identification:_identify(src/arm_odom) by extension 'colcon_pkg'
[0.184s] Level 1:colcon.colcon_core.package_identification:_identify(src/arm_odom) by extensions ['colcon_meta']
[0.185s] Level 1:colcon.colcon_core.package_identification:_identify(src/arm_odom) by extension 'colcon_meta'
[0.185s] Level 1:colcon.colcon_core.package_identification:_identify(src/arm_odom) by extensions ['ros']
[0.185s] Level 1:colcon.colcon_core.package_identification:_identify(src/arm_odom) by extension 'ros'
[0.187s] DEBUG:colcon.colcon_core.package_identification:Package 'src/arm_odom' with type 'ros.ament_cmake' and name 'arm_odom'
[0.187s] Level 1:colcon.colcon_core.package_identification:_identify(src/arm_tutorial) by extensions ['ignore', 'ignore_ament_install']
[0.187s] Level 1:colcon.colcon_core.package_identification:_identify(src/arm_tutorial) by extension 'ignore'
[0.187s] Level 1:colcon.colcon_core.package_identification:_identify(src/arm_tutorial) by extension 'ignore_ament_install'
[0.187s] Level 1:colcon.colcon_core.package_identification:_identify(src/arm_tutorial) by extensions ['colcon_pkg']
[0.187s] Level 1:colcon.colcon_core.package_identification:_identify(src/arm_tutorial) by extension 'colcon_pkg'
[0.187s] Level 1:colcon.colcon_core.package_identification:_identify(src/arm_tutorial) by extensions ['colcon_meta']
[0.187s] Level 1:colcon.colcon_core.package_identification:_identify(src/arm_tutorial) by extension 'colcon_meta'
[0.187s] Level 1:colcon.colcon_core.package_identification:_identify(src/arm_tutorial) by extensions ['ros']
[0.187s] Level 1:colcon.colcon_core.package_identification:_identify(src/arm_tutorial) by extension 'ros'
[0.187s] DEBUG:colcon.colcon_core.package_identification:Package 'src/arm_tutorial' with type 'ros.ament_python' and name 'arm_tutorial'
[0.187s] Level 1:colcon.colcon_core.package_discovery:discover_packages(recursive) using defaults
[0.187s] Level 1:colcon.colcon_core.package_discovery:discover_packages(ignore) discover
[0.187s] Level 1:colcon.colcon_core.package_discovery:discover_packages(ignore) using defaults
[0.187s] Level 1:colcon.colcon_core.package_discovery:discover_packages(path) discover
[0.187s] Level 1:colcon.colcon_core.package_discovery:discover_packages(path) using defaults
[0.200s] Level 1:colcon.colcon_core.package_discovery:discover_packages(prefix_path) check parameters
[0.200s] Level 1:colcon.colcon_core.package_discovery:discover_packages(prefix_path) discover
[0.201s] DEBUG:colcon.colcon_installed_package_information.package_discovery:Found 2 installed packages in /home/robot/ws_arm/install
[0.202s] DEBUG:colcon.colcon_installed_package_information.package_discovery:Found 9 installed packages in /root/monicar2_ws/install
[0.202s] DEBUG:colcon.colcon_installed_package_information.package_discovery:Found 15 installed packages in /root/turtlebot3_ws/install
[0.203s] DEBUG:colcon.colcon_installed_package_information.package_discovery:Found 3 installed packages in /home/robot/robotis_ws/install
[0.203s] DEBUG:colcon.colcon_installed_package_information.package_discovery:Found 1 installed packages in /root/ws_robot/install
[0.203s] DEBUG:colcon.colcon_installed_package_information.package_discovery:Found 1 installed packages in /root/ws_urdf/install
[0.204s] DEBUG:colcon.colcon_installed_package_information.package_discovery:Found 451 installed packages in /opt/ros/humble
[0.206s] Level 1:colcon.colcon_core.package_discovery:discover_packages(prefix_path) using defaults
[0.246s] Level 5:colcon.colcon_core.verb:set package 'arm_odom' build argument 'cmake_args' from command line to 'None'
[0.246s] Level 5:colcon.colcon_core.verb:set package 'arm_odom' build argument 'cmake_target' from command line to 'None'
[0.246s] Level 5:colcon.colcon_core.verb:set package 'arm_odom' build argument 'cmake_target_skip_unavailable' from command line to 'False'
[0.246s] Level 5:colcon.colcon_core.verb:set package 'arm_odom' build argument 'cmake_clean_cache' from command line to 'False'
[0.246s] Level 5:colcon.colcon_core.verb:set package 'arm_odom' build argument 'cmake_clean_first' from command line to 'False'
[0.246s] Level 5:colcon.colcon_core.verb:set package 'arm_odom' build argument 'cmake_force_configure' from command line to 'False'
[0.246s] Level 5:colcon.colcon_core.verb:set package 'arm_odom' build argument 'ament_cmake_args' from command line to 'None'
[0.246s] Level 5:colcon.colcon_core.verb:set package 'arm_odom' build argument 'catkin_cmake_args' from command line to 'None'
[0.246s] Level 5:colcon.colcon_core.verb:set package 'arm_odom' build argument 'catkin_skip_building_tests' from command line to 'False'
[0.247s] DEBUG:colcon.colcon_core.verb:Building package 'arm_odom' with the following arguments: {'ament_cmake_args': None, 'build_base': '/home/robot/ws_arm/build/arm_odom', 'catkin_cmake_args': None, 'catkin_skip_building_tests': False, 'cmake_args': None, 'cmake_clean_cache': False, 'cmake_clean_first': False, 'cmake_force_configure': False, 'cmake_target': None, 'cmake_target_skip_unavailable': False, 'install_base': '/home/robot/ws_arm/install/arm_odom', 'merge_install': False, 'path': '/home/robot/ws_arm/src/arm_odom', 'symlink_install': True, 'test_result_base': None}
[0.247s] Level 5:colcon.colcon_core.verb:set package 'arm_tutorial' build argument 'cmake_args' from command line to 'None'
[0.247s] Level 5:colcon.colcon_core.verb:set package 'arm_tutorial' build argument 'cmake_target' from command line to 'None'
[0.247s] Level 5:colcon.colcon_core.verb:set package 'arm_tutorial' build argument 'cmake_target_skip_unavailable' from command line to 'False'
[0.247s] Level 5:colcon.colcon_core.verb:set package 'arm_tutorial' build argument 'cmake_clean_cache' from command line to 'False'
[0.247s] Level 5:colcon.colcon_core.verb:set package 'arm_tutorial' build argument 'cmake_clean_first' from command line to 'False'
[0.247s] Level 5:colcon.colcon_core.verb:set package 'arm_tutorial' build argument 'cmake_force_configure' from command line to 'False'
[0.247s] Level 5:colcon.colcon_core.verb:set package 'arm_tutorial' build argument 'ament_cmake_args' from command line to 'None'
[0.247s] Level 5:colcon.colcon_core.verb:set package 'arm_tutorial' build argument 'catkin_cmake_args' from command line to 'None'
[0.247s] Level 5:colcon.colcon_core.verb:set package 'arm_tutorial' build argument 'catkin_skip_building_tests' from command line to 'False'
[0.247s] DEBUG:colcon.colcon_core.verb:Building package 'arm_tutorial' with the following arguments: {'ament_cmake_args': None, 'build_base': '/home/robot/ws_arm/build/arm_tutorial', 'catkin_cmake_args': None, 'catkin_skip_building_tests': False, 'cmake_args': None, 'cmake_clean_cache': False, 'cmake_clean_first': False, 'cmake_force_configure': False, 'cmake_target': None, 'cmake_target_skip_unavailable': False, 'install_base': '/home/robot/ws_arm/install/arm_tutorial', 'merge_install': False, 'path': '/home/robot/ws_arm/src/arm_tutorial', 'symlink_install': True, 'test_result_base': None}
[0.247s] INFO:colcon.colcon_core.executor:Executing jobs using 'parallel' executor
[0.248s] DEBUG:colcon.colcon_parallel_executor.executor.parallel:run_until_complete
[0.248s] INFO:colcon.colcon_ros.task.ament_cmake.build:Building ROS package in '/home/robot/ws_arm/src/arm_odom' with build type 'ament_cmake'
[0.248s] INFO:colcon.colcon_cmake.task.cmake.build:Building CMake package in '/home/robot/ws_arm/src/arm_odom'
[0.249s] INFO:colcon.colcon_core.plugin_system:Skipping extension 'colcon_core.shell.bat': Not used on non-Windows systems
[0.249s] INFO:colcon.colcon_core.shell:Skip shell extension 'powershell' for command environment: Not usable outside of PowerShell
[0.249s] DEBUG:colcon.colcon_core.shell:Skip shell extension 'dsv' for command environment
[0.253s] INFO:colcon.colcon_ros.task.ament_python.build:Building ROS package in '/home/robot/ws_arm/src/arm_tutorial' with build type 'ament_python'
[0.254s] Level 1:colcon.colcon_core.shell:create_environment_hook('arm_tutorial', 'ament_prefix_path')
[0.254s] INFO:colcon.colcon_core.shell:Creating environment hook '/home/robot/ws_arm/install/arm_tutorial/share/arm_tutorial/hook/ament_prefix_path.ps1'
[0.254s] INFO:colcon.colcon_core.shell:Creating environment descriptor '/home/robot/ws_arm/install/arm_tutorial/share/arm_tutorial/hook/ament_prefix_path.dsv'
[0.254s] INFO:colcon.colcon_core.shell:Creating environment hook '/home/robot/ws_arm/install/arm_tutorial/share/arm_tutorial/hook/ament_prefix_path.sh'
[0.255s] INFO:colcon.colcon_core.shell:Skip shell extension 'powershell' for command environment: Not usable outside of PowerShell
[0.255s] DEBUG:colcon.colcon_core.shell:Skip shell extension 'dsv' for command environment
[0.262s] DEBUG:colcon.colcon_core.event_handler.log_command:Invoking command in '/home/robot/ws_arm/build/arm_odom': CMAKE_PREFIX_PATH=${CMAKE_PREFIX_PATH}:/home/robot/ws_arm/install/arm_tutorial:/root/turtlebot3_ws/install/turtlebot3_teleop:/root/turtlebot3_ws/install/turtlebot3_example:/root/monicar2_ws/install/monicar2_teleop:/root/monicar2_ws/install/monicar2_localization:/root/monicar2_ws/install/monicar2_imuconverter:/root/monicar2_ws/install/monicar2_bringup:/root/ws_robot/install/urdf_tutorial:/opt/ros/humble /usr/bin/cmake --build /home/robot/ws_arm/build/arm_odom -- -j8 -l8
[0.467s] INFO:colcon.colcon_core.task.python.build:Building Python package in '/home/robot/ws_arm/src/arm_tutorial'
[0.467s] INFO:colcon.colcon_core.shell:Skip shell extension 'powershell' for command environment: Not usable outside of PowerShell
[0.467s] DEBUG:colcon.colcon_core.shell:Skip shell extension 'dsv' for command environment
[0.472s] DEBUG:colcon.colcon_core.event_handler.log_command:Invoked command in '/home/robot/ws_arm/build/arm_odom' returned '0': CMAKE_PREFIX_PATH=${CMAKE_PREFIX_PATH}:/home/robot/ws_arm/install/arm_tutorial:/root/turtlebot3_ws/install/turtlebot3_teleop:/root/turtlebot3_ws/install/turtlebot3_example:/root/monicar2_ws/install/monicar2_teleop:/root/monicar2_ws/install/monicar2_localization:/root/monicar2_ws/install/monicar2_imuconverter:/root/monicar2_ws/install/monicar2_bringup:/root/ws_robot/install/urdf_tutorial:/opt/ros/humble /usr/bin/cmake --build /home/robot/ws_arm/build/arm_odom -- -j8 -l8
[0.496s] DEBUG:colcon.colcon_core.event_handler.log_command:Invoking command in '/home/robot/ws_arm/build/arm_odom': CMAKE_PREFIX_PATH=${CMAKE_PREFIX_PATH}:/home/robot/ws_arm/install/arm_tutorial:/root/turtlebot3_ws/install/turtlebot3_teleop:/root/turtlebot3_ws/install/turtlebot3_example:/root/monicar2_ws/install/monicar2_teleop:/root/monicar2_ws/install/monicar2_localization:/root/monicar2_ws/install/monicar2_imuconverter:/root/monicar2_ws/install/monicar2_bringup:/root/ws_robot/install/urdf_tutorial:/opt/ros/humble /usr/bin/cmake --install /home/robot/ws_arm/build/arm_odom
[0.510s] Level 1:colcon.colcon_core.environment:create_environment_scripts_only(arm_odom)
[0.511s] DEBUG:colcon.colcon_core.event_handler.log_command:Invoked command in '/home/robot/ws_arm/build/arm_odom' returned '0': CMAKE_PREFIX_PATH=${CMAKE_PREFIX_PATH}:/home/robot/ws_arm/install/arm_tutorial:/root/turtlebot3_ws/install/turtlebot3_teleop:/root/turtlebot3_ws/install/turtlebot3_example:/root/monicar2_ws/install/monicar2_teleop:/root/monicar2_ws/install/monicar2_localization:/root/monicar2_ws/install/monicar2_imuconverter:/root/monicar2_ws/install/monicar2_bringup:/root/ws_robot/install/urdf_tutorial:/opt/ros/humble /usr/bin/cmake --install /home/robot/ws_arm/build/arm_odom
[0.513s] Level 1:colcon.colcon_core.environment:checking '/home/robot/ws_arm/install/arm_odom' for CMake module files
[0.514s] Level 1:colcon.colcon_core.environment:checking '/home/robot/ws_arm/install/arm_odom' for CMake config files
[0.514s] Level 1:colcon.colcon_core.shell:create_environment_hook('arm_odom', 'cmake_prefix_path')
[0.514s] INFO:colcon.colcon_core.shell:Creating environment hook '/home/robot/ws_arm/install/arm_odom/share/arm_odom/hook/cmake_prefix_path.ps1'
[0.515s] INFO:colcon.colcon_core.shell:Creating environment descriptor '/home/robot/ws_arm/install/arm_odom/share/arm_odom/hook/cmake_prefix_path.dsv'
[0.515s] INFO:colcon.colcon_core.shell:Creating environment hook '/home/robot/ws_arm/install/arm_odom/share/arm_odom/hook/cmake_prefix_path.sh'
[0.516s] Level 1:colcon.colcon_core.environment:checking '/home/robot/ws_arm/install/arm_odom/lib'
[0.516s] Level 1:colcon.colcon_core.environment:checking '/home/robot/ws_arm/install/arm_odom/bin'
[0.516s] Level 1:colcon.colcon_core.environment:checking '/home/robot/ws_arm/install/arm_odom/lib/pkgconfig/arm_odom.pc'
[0.516s] Level 1:colcon.colcon_core.environment:checking '/home/robot/ws_arm/install/arm_odom/lib/python3.10/site-packages'
[0.517s] Level 1:colcon.colcon_core.environment:checking '/home/robot/ws_arm/install/arm_odom/bin'
[0.517s] INFO:colcon.colcon_core.shell:Creating package script '/home/robot/ws_arm/install/arm_odom/share/arm_odom/package.ps1'
[0.518s] INFO:colcon.colcon_core.shell:Creating package descriptor '/home/robot/ws_arm/install/arm_odom/share/arm_odom/package.dsv'
[0.518s] INFO:colcon.colcon_core.shell:Creating package script '/home/robot/ws_arm/install/arm_odom/share/arm_odom/package.sh'
[0.519s] INFO:colcon.colcon_core.shell:Creating package script '/home/robot/ws_arm/install/arm_odom/share/arm_odom/package.bash'
[0.520s] INFO:colcon.colcon_core.shell:Creating package script '/home/robot/ws_arm/install/arm_odom/share/arm_odom/package.zsh'
[0.521s] Level 1:colcon.colcon_core.environment:create_file_with_runtime_dependencies(/home/robot/ws_arm/install/arm_odom/share/colcon-core/packages/arm_odom)
[0.539s] Level 1:colcon.colcon_core.environment:create_environment_scripts_only(arm_odom)
[0.539s] Level 1:colcon.colcon_core.environment:checking '/home/robot/ws_arm/install/arm_odom' for CMake module files
[0.540s] Level 1:colcon.colcon_core.environment:checking '/home/robot/ws_arm/install/arm_odom' for CMake config files
[0.540s] Level 1:colcon.colcon_core.shell:create_environment_hook('arm_odom', 'cmake_prefix_path')
[0.540s] INFO:colcon.colcon_core.shell:Creating environment hook '/home/robot/ws_arm/install/arm_odom/share/arm_odom/hook/cmake_prefix_path.ps1'
[0.541s] INFO:colcon.colcon_core.shell:Creating environment descriptor '/home/robot/ws_arm/install/arm_odom/share/arm_odom/hook/cmake_prefix_path.dsv'
[0.541s] INFO:colcon.colcon_core.shell:Creating environment hook '/home/robot/ws_arm/install/arm_odom/share/arm_odom/hook/cmake_prefix_path.sh'
[0.541s] Level 1:colcon.colcon_core.environment:checking '/home/robot/ws_arm/install/arm_odom/lib'
[0.541s] Level 1:colcon.colcon_core.environment:checking '/home/robot/ws_arm/install/arm_odom/bin'
[0.542s] Level 1:colcon.colcon_core.environment:checking '/home/robot/ws_arm/install/arm_odom/lib/pkgconfig/arm_odom.pc'
[0.542s] Level 1:colcon.colcon_core.environment:checking '/home/robot/ws_arm/install/arm_odom/lib/python3.10/site-packages'
[0.542s] Level 1:colcon.colcon_core.environment:checking '/home/robot/ws_arm/install/arm_odom/bin'
[0.542s] INFO:colcon.colcon_core.shell:Creating package script '/home/robot/ws_arm/install/arm_odom/share/arm_odom/package.ps1'
[0.543s] INFO:colcon.colcon_core.shell:Creating package descriptor '/home/robot/ws_arm/install/arm_odom/share/arm_odom/package.dsv'
[0.543s] INFO:colcon.colcon_core.shell:Creating package script '/home/robot/ws_arm/install/arm_odom/share/arm_odom/package.sh'
[0.544s] INFO:colcon.colcon_core.shell:Creating package script '/home/robot/ws_arm/install/arm_odom/share/arm_odom/package.bash'
[0.544s] INFO:colcon.colcon_core.shell:Creating package script '/home/robot/ws_arm/install/arm_odom/share/arm_odom/package.zsh'
[0.544s] Level 1:colcon.colcon_core.environment:create_file_with_runtime_dependencies(/home/robot/ws_arm/install/arm_odom/share/colcon-core/packages/arm_odom)
[0.732s] DEBUG:colcon.colcon_core.event_handler.log_command:Invoking command in '/home/robot/ws_arm/build/arm_tutorial': PYTHONPATH=/home/robot/ws_arm/build/arm_tutorial/prefix_override:/usr/lib/python3/dist-packages/colcon_core/task/python/colcon_distutils_commands:/home/robot/ws_arm/install/arm_tutorial/lib/python3.10/site-packages:${PYTHONPATH} /usr/bin/python3 -W ignore:setup.py install is deprecated setup.py develop --editable --build-directory /home/robot/ws_arm/build/arm_tutorial/build --no-deps symlink_data
[1.037s] Level 1:colcon.colcon_core.shell:create_environment_hook('arm_tutorial', 'pythonpath_develop')
[1.037s] INFO:colcon.colcon_core.shell:Creating environment hook '/home/robot/ws_arm/build/arm_tutorial/share/arm_tutorial/hook/pythonpath_develop.ps1'
[1.037s] DEBUG:colcon.colcon_core.event_handler.log_command:Invoked command in '/home/robot/ws_arm/build/arm_tutorial' returned '0': PYTHONPATH=/home/robot/ws_arm/build/arm_tutorial/prefix_override:/usr/lib/python3/dist-packages/colcon_core/task/python/colcon_distutils_commands:/home/robot/ws_arm/install/arm_tutorial/lib/python3.10/site-packages:${PYTHONPATH} /usr/bin/python3 -W ignore:setup.py install is deprecated setup.py develop --editable --build-directory /home/robot/ws_arm/build/arm_tutorial/build --no-deps symlink_data
[1.038s] INFO:colcon.colcon_core.shell:Creating environment descriptor '/home/robot/ws_arm/build/arm_tutorial/share/arm_tutorial/hook/pythonpath_develop.dsv'
[1.038s] INFO:colcon.colcon_core.shell:Creating environment hook '/home/robot/ws_arm/build/arm_tutorial/share/arm_tutorial/hook/pythonpath_develop.sh'
[1.038s] Level 1:colcon.colcon_core.environment:checking '/home/robot/ws_arm/install/arm_tutorial' for CMake module files
[1.039s] Level 1:colcon.colcon_core.environment:checking '/home/robot/ws_arm/install/arm_tutorial' for CMake config files
[1.039s] Level 1:colcon.colcon_core.environment:checking '/home/robot/ws_arm/install/arm_tutorial/lib'
[1.039s] Level 1:colcon.colcon_core.environment:checking '/home/robot/ws_arm/install/arm_tutorial/bin'
[1.039s] Level 1:colcon.colcon_core.environment:checking '/home/robot/ws_arm/install/arm_tutorial/lib/pkgconfig/arm_tutorial.pc'
[1.039s] Level 1:colcon.colcon_core.environment:checking '/home/robot/ws_arm/install/arm_tutorial/lib/python3.10/site-packages'
[1.039s] Level 1:colcon.colcon_core.shell:create_environment_hook('arm_tutorial', 'pythonpath')
[1.039s] INFO:colcon.colcon_core.shell:Creating environment hook '/home/robot/ws_arm/install/arm_tutorial/share/arm_tutorial/hook/pythonpath.ps1'
[1.040s] INFO:colcon.colcon_core.shell:Creating environment descriptor '/home/robot/ws_arm/install/arm_tutorial/share/arm_tutorial/hook/pythonpath.dsv'
[1.040s] INFO:colcon.colcon_core.shell:Creating environment hook '/home/robot/ws_arm/install/arm_tutorial/share/arm_tutorial/hook/pythonpath.sh'
[1.040s] Level 1:colcon.colcon_core.environment:checking '/home/robot/ws_arm/install/arm_tutorial/bin'
[1.040s] Level 1:colcon.colcon_core.environment:create_environment_scripts_only(arm_tutorial)
[1.040s] INFO:colcon.colcon_core.shell:Creating package script '/home/robot/ws_arm/install/arm_tutorial/share/arm_tutorial/package.ps1'
[1.041s] INFO:colcon.colcon_core.shell:Creating package descriptor '/home/robot/ws_arm/install/arm_tutorial/share/arm_tutorial/package.dsv'
[1.041s] INFO:colcon.colcon_core.shell:Creating package script '/home/robot/ws_arm/install/arm_tutorial/share/arm_tutorial/package.sh'
[1.041s] INFO:colcon.colcon_core.shell:Creating package script '/home/robot/ws_arm/install/arm_tutorial/share/arm_tutorial/package.bash'
[1.041s] INFO:colcon.colcon_core.shell:Creating package script '/home/robot/ws_arm/install/arm_tutorial/share/arm_tutorial/package.zsh'
[1.041s] Level 1:colcon.colcon_core.environment:create_file_with_runtime_dependencies(/home/robot/ws_arm/install/arm_tutorial/share/colcon-core/packages/arm_tutorial)
[1.042s] DEBUG:colcon.colcon_parallel_executor.executor.parallel:closing loop
[1.042s] DEBUG:colcon.colcon_parallel_executor.executor.parallel:loop closed
[1.042s] DEBUG:colcon.colcon_parallel_executor.executor.parallel:run_until_complete finished with '0'
[1.042s] DEBUG:colcon.colcon_core.event_reactor:joining thread
[1.045s] INFO:colcon.colcon_core.plugin_system:Skipping extension 'colcon_notification.desktop_notification.terminal_notifier': Not used on non-Darwin systems
[1.046s] INFO:colcon.colcon_core.plugin_system:Skipping extension 'colcon_notification.desktop_notification.win32': Not used on non-Windows systems
[1.046s] INFO:colcon.colcon_notification.desktop_notification:Sending desktop notification using 'notify2'
[1.046s] DEBUG:colcon.colcon_notification.desktop_notification.notify2:Failed to initialize notify2: org.freedesktop.DBus.Error.NoReply: Did not receive a reply. Possible causes include: the remote application did not send a reply, the message bus security policy blocked the reply, the reply timeout expired, or the network connection was broken.
[1.046s] DEBUG:colcon.colcon_core.event_reactor:joined thread
[1.046s] INFO:colcon.colcon_core.shell:Creating prefix script '/home/robot/ws_arm/install/local_setup.ps1'
[1.047s] INFO:colcon.colcon_core.shell:Creating prefix util module '/home/robot/ws_arm/install/_local_setup_util_ps1.py'
[1.047s] INFO:colcon.colcon_core.shell:Creating prefix chain script '/home/robot/ws_arm/install/setup.ps1'
[1.049s] INFO:colcon.colcon_core.shell:Creating prefix script '/home/robot/ws_arm/install/local_setup.sh'
[1.049s] INFO:colcon.colcon_core.shell:Creating prefix util module '/home/robot/ws_arm/install/_local_setup_util_sh.py'
[1.049s] INFO:colcon.colcon_core.shell:Creating prefix chain script '/home/robot/ws_arm/install/setup.sh'
[1.050s] INFO:colcon.colcon_core.shell:Creating prefix script '/home/robot/ws_arm/install/local_setup.bash'
[1.051s] INFO:colcon.colcon_core.shell:Creating prefix chain script '/home/robot/ws_arm/install/setup.bash'
[1.052s] INFO:colcon.colcon_core.shell:Creating prefix script '/home/robot/ws_arm/install/local_setup.zsh'
[1.052s] INFO:colcon.colcon_core.shell:Creating prefix chain script '/home/robot/ws_arm/install/setup.zsh'
