[0.013s] Invoking command in '/root/ws_car/build/car_odom': CMAKE_PREFIX_PATH=${CMAKE_PREFIX_PATH}:/root/ws_car/install/car_tutorial:/root/ws_car/src/car_tutorial/install/car_tutorial:/root/monicar2_ws/install/monicar2_teleop:/root/monicar2_ws/install/monicar2_localization:/root/monicar2_ws/install/monicar2_imuconverter:/root/monicar2_ws/install/monicar2_bringup:/root/monicar2/install/monicar2_teleop:/root/monicar2/install/monicar2_localization:/root/monicar2/install/monicar2_imuconverter:/root/monicar2/install/monicar2_bringup:/root/turtlebot3_ws/install/turtlebot3_teleop:/root/turtlebot3_ws/install/turtlebot3_example:/opt/ros/humble /usr/bin/cmake --build /root/ws_car/build/car_odom -- -j8 -l8
[0.053s] [100%] Built target car_odom
[0.200s] Invoked command in '/root/ws_car/build/car_odom' returned '0': CMAKE_PREFIX_PATH=${CMAKE_PREFIX_PATH}:/root/ws_car/install/car_tutorial:/root/ws_car/src/car_tutorial/install/car_tutorial:/root/monicar2_ws/install/monicar2_teleop:/root/monicar2_ws/install/monicar2_localization:/root/monicar2_ws/install/monicar2_imuconverter:/root/monicar2_ws/install/monicar2_bringup:/root/monicar2/install/monicar2_teleop:/root/monicar2/install/monicar2_localization:/root/monicar2/install/monicar2_imuconverter:/root/monicar2/install/monicar2_bringup:/root/turtlebot3_ws/install/turtlebot3_teleop:/root/turtlebot3_ws/install/turtlebot3_example:/opt/ros/humble /usr/bin/cmake --build /root/ws_car/build/car_odom -- -j8 -l8
[0.223s] Invoking command in '/root/ws_car/build/car_odom': CMAKE_PREFIX_PATH=${CMAKE_PREFIX_PATH}:/root/ws_car/install/car_tutorial:/root/ws_car/src/car_tutorial/install/car_tutorial:/root/monicar2_ws/install/monicar2_teleop:/root/monicar2_ws/install/monicar2_localization:/root/monicar2_ws/install/monicar2_imuconverter:/root/monicar2_ws/install/monicar2_bringup:/root/monicar2/install/monicar2_teleop:/root/monicar2/install/monicar2_localization:/root/monicar2/install/monicar2_imuconverter:/root/monicar2/install/monicar2_bringup:/root/turtlebot3_ws/install/turtlebot3_teleop:/root/turtlebot3_ws/install/turtlebot3_example:/opt/ros/humble /usr/bin/cmake --install /root/ws_car/build/car_odom
[0.229s] -- Install configuration: ""
[0.229s] -- Execute custom install script
[0.229s] -- Up-to-date symlink: /root/ws_car/install/car_odom/lib/car_odom/car_odom
[0.229s] -- Up-to-date symlink: /root/ws_car/install/car_odom/share/ament_index/resource_index/package_run_dependencies/car_odom
[0.229s] -- Up-to-date symlink: /root/ws_car/install/car_odom/share/ament_index/resource_index/parent_prefix_path/car_odom
[0.229s] -- Up-to-date symlink: /root/ws_car/install/car_odom/share/car_odom/environment/ament_prefix_path.sh
[0.229s] -- Up-to-date symlink: /root/ws_car/install/car_odom/share/car_odom/environment/ament_prefix_path.dsv
[0.229s] -- Up-to-date symlink: /root/ws_car/install/car_odom/share/car_odom/environment/path.sh
[0.230s] -- Up-to-date symlink: /root/ws_car/install/car_odom/share/car_odom/environment/path.dsv
[0.230s] -- Up-to-date symlink: /root/ws_car/install/car_odom/share/car_odom/local_setup.bash
[0.230s] -- Up-to-date symlink: /root/ws_car/install/car_odom/share/car_odom/local_setup.sh
[0.230s] -- Up-to-date symlink: /root/ws_car/install/car_odom/share/car_odom/local_setup.zsh
[0.230s] -- Up-to-date symlink: /root/ws_car/install/car_odom/share/car_odom/local_setup.dsv
[0.230s] -- Symlinking: /root/ws_car/install/car_odom/share/car_odom/package.dsv
[0.236s] -- Up-to-date symlink: /root/ws_car/install/car_odom/share/ament_index/resource_index/packages/car_odom
[0.236s] -- Up-to-date symlink: /root/ws_car/install/car_odom/share/car_odom/cmake/car_odomConfig.cmake
[0.237s] -- Up-to-date symlink: /root/ws_car/install/car_odom/share/car_odom/cmake/car_odomConfig-version.cmake
[0.237s] -- Up-to-date symlink: /root/ws_car/install/car_odom/share/car_odom/package.xml
[0.238s] Invoked command in '/root/ws_car/build/car_odom' returned '0': CMAKE_PREFIX_PATH=${CMAKE_PREFIX_PATH}:/root/ws_car/install/car_tutorial:/root/ws_car/src/car_tutorial/install/car_tutorial:/root/monicar2_ws/install/monicar2_teleop:/root/monicar2_ws/install/monicar2_localization:/root/monicar2_ws/install/monicar2_imuconverter:/root/monicar2_ws/install/monicar2_bringup:/root/monicar2/install/monicar2_teleop:/root/monicar2/install/monicar2_localization:/root/monicar2/install/monicar2_imuconverter:/root/monicar2/install/monicar2_bringup:/root/turtlebot3_ws/install/turtlebot3_teleop:/root/turtlebot3_ws/install/turtlebot3_example:/opt/ros/humble /usr/bin/cmake --install /root/ws_car/build/car_odom
