[0.010s] Invoking command in '/root/ws_car/build/car_odom': CMAKE_PREFIX_PATH=${CMAKE_PREFIX_PATH}:/root/ws_car/install/car_tutorial:/root/ws_car/src/car_tutorial/install/car_tutorial:/root/monicar2_ws/install/monicar2_teleop:/root/monicar2_ws/install/monicar2_localization:/root/monicar2_ws/install/monicar2_imuconverter:/root/monicar2_ws/install/monicar2_bringup:/root/monicar2/install/monicar2_teleop:/root/monicar2/install/monicar2_localization:/root/monicar2/install/monicar2_imuconverter:/root/monicar2/install/monicar2_bringup:/root/turtlebot3_ws/install/turtlebot3_teleop:/root/turtlebot3_ws/install/turtlebot3_example:/opt/ros/humble /usr/bin/cmake /root/ws_car/src/car_odom -DCMAKE_INSTALL_PREFIX=/root/ws_car/install/car_odom
[0.017s] -- Found ament_cmake: 1.3.8 (/opt/ros/humble/share/ament_cmake/cmake)
[0.104s] -- Override CMake install command with custom implementation using symlinks instead of copying resources
[0.107s] -- Found tf2: 0.25.6 (/opt/ros/humble/share/tf2/cmake)
[0.125s] -- Found rosidl_generator_c: 3.1.5 (/opt/ros/humble/share/rosidl_generator_c/cmake)
[0.126s] -- Found rosidl_adapter: 3.1.5 (/opt/ros/humble/share/rosidl_adapter/cmake)
[0.129s] -- Found rosidl_generator_cpp: 3.1.5 (/opt/ros/humble/share/rosidl_generator_cpp/cmake)
[0.137s] -- Using all available rosidl_typesupport_c: rosidl_typesupport_fastrtps_c;rosidl_typesupport_introspection_c
[0.147s] -- Using all available rosidl_typesupport_cpp: rosidl_typesupport_fastrtps_cpp;rosidl_typesupport_introspection_cpp
[0.223s] -- Found tf2_ros: 0.25.6 (/opt/ros/humble/share/tf2_ros/cmake)
[0.285s] -- Found rmw_implementation_cmake: 6.1.1 (/opt/ros/humble/share/rmw_implementation_cmake/cmake)
[0.286s] -- Found rmw_fastrtps_cpp: 6.2.6 (/opt/ros/humble/share/rmw_fastrtps_cpp/cmake)
[0.370s] -- Using RMW implementation 'rmw_fastrtps_cpp' as default
[0.607s] -- Found nav_msgs: 4.2.3 (/opt/ros/humble/share/nav_msgs/cmake)
[0.657s] -- Found ament_lint_auto: 0.12.10 (/opt/ros/humble/share/ament_lint_auto/cmake)
[0.707s] -- Added test 'cppcheck' to perform static code analysis on C / C++ code
[0.708s] -- Configured cppcheck include dirs: 
[0.708s] -- Configured cppcheck exclude dirs and/or files: 
[0.708s] -- Added test 'lint_cmake' to check CMake code style
[0.708s] -- Added test 'uncrustify' to check C / C++ code style
[0.708s] -- Configured uncrustify additional arguments: 
[0.708s] -- Added test 'xmllint' to check XML markup files
[0.709s] -- Configuring done
[0.715s] -- Generating done
[0.716s] -- Build files have been written to: /root/ws_car/build/car_odom
[0.722s] Invoked command in '/root/ws_car/build/car_odom' returned '0': CMAKE_PREFIX_PATH=${CMAKE_PREFIX_PATH}:/root/ws_car/install/car_tutorial:/root/ws_car/src/car_tutorial/install/car_tutorial:/root/monicar2_ws/install/monicar2_teleop:/root/monicar2_ws/install/monicar2_localization:/root/monicar2_ws/install/monicar2_imuconverter:/root/monicar2_ws/install/monicar2_bringup:/root/monicar2/install/monicar2_teleop:/root/monicar2/install/monicar2_localization:/root/monicar2/install/monicar2_imuconverter:/root/monicar2/install/monicar2_bringup:/root/turtlebot3_ws/install/turtlebot3_teleop:/root/turtlebot3_ws/install/turtlebot3_example:/opt/ros/humble /usr/bin/cmake /root/ws_car/src/car_odom -DCMAKE_INSTALL_PREFIX=/root/ws_car/install/car_odom
[0.723s] Invoking command in '/root/ws_car/build/car_odom': CMAKE_PREFIX_PATH=${CMAKE_PREFIX_PATH}:/root/ws_car/install/car_tutorial:/root/ws_car/src/car_tutorial/install/car_tutorial:/root/monicar2_ws/install/monicar2_teleop:/root/monicar2_ws/install/monicar2_localization:/root/monicar2_ws/install/monicar2_imuconverter:/root/monicar2_ws/install/monicar2_bringup:/root/monicar2/install/monicar2_teleop:/root/monicar2/install/monicar2_localization:/root/monicar2/install/monicar2_imuconverter:/root/monicar2/install/monicar2_bringup:/root/turtlebot3_ws/install/turtlebot3_teleop:/root/turtlebot3_ws/install/turtlebot3_example:/opt/ros/humble /usr/bin/cmake --build /root/ws_car/build/car_odom -- -j8 -l8
[0.754s] [35m[1mConsolidate compiler generated dependencies of target car_odom[0m
[0.766s] [100%] Built target car_odom
[0.774s] Invoked command in '/root/ws_car/build/car_odom' returned '0': CMAKE_PREFIX_PATH=${CMAKE_PREFIX_PATH}:/root/ws_car/install/car_tutorial:/root/ws_car/src/car_tutorial/install/car_tutorial:/root/monicar2_ws/install/monicar2_teleop:/root/monicar2_ws/install/monicar2_localization:/root/monicar2_ws/install/monicar2_imuconverter:/root/monicar2_ws/install/monicar2_bringup:/root/monicar2/install/monicar2_teleop:/root/monicar2/install/monicar2_localization:/root/monicar2/install/monicar2_imuconverter:/root/monicar2/install/monicar2_bringup:/root/turtlebot3_ws/install/turtlebot3_teleop:/root/turtlebot3_ws/install/turtlebot3_example:/opt/ros/humble /usr/bin/cmake --build /root/ws_car/build/car_odom -- -j8 -l8
[0.800s] Invoking command in '/root/ws_car/build/car_odom': CMAKE_PREFIX_PATH=${CMAKE_PREFIX_PATH}:/root/ws_car/install/car_tutorial:/root/ws_car/src/car_tutorial/install/car_tutorial:/root/monicar2_ws/install/monicar2_teleop:/root/monicar2_ws/install/monicar2_localization:/root/monicar2_ws/install/monicar2_imuconverter:/root/monicar2_ws/install/monicar2_bringup:/root/monicar2/install/monicar2_teleop:/root/monicar2/install/monicar2_localization:/root/monicar2/install/monicar2_imuconverter:/root/monicar2/install/monicar2_bringup:/root/turtlebot3_ws/install/turtlebot3_teleop:/root/turtlebot3_ws/install/turtlebot3_example:/opt/ros/humble /usr/bin/cmake --install /root/ws_car/build/car_odom
[0.806s] -- Install configuration: ""
[0.806s] -- Execute custom install script
[0.807s] -- Up-to-date symlink: /root/ws_car/install/car_odom/lib/car_odom/car_odom
[0.807s] -- Up-to-date symlink: /root/ws_car/install/car_odom/share/ament_index/resource_index/package_run_dependencies/car_odom
[0.807s] -- Up-to-date symlink: /root/ws_car/install/car_odom/share/ament_index/resource_index/parent_prefix_path/car_odom
[0.807s] -- Up-to-date symlink: /root/ws_car/install/car_odom/share/car_odom/environment/ament_prefix_path.sh
[0.807s] -- Up-to-date symlink: /root/ws_car/install/car_odom/share/car_odom/environment/ament_prefix_path.dsv
[0.807s] -- Up-to-date symlink: /root/ws_car/install/car_odom/share/car_odom/environment/path.sh
[0.807s] -- Up-to-date symlink: /root/ws_car/install/car_odom/share/car_odom/environment/path.dsv
[0.807s] -- Up-to-date symlink: /root/ws_car/install/car_odom/share/car_odom/local_setup.bash
[0.807s] -- Up-to-date symlink: /root/ws_car/install/car_odom/share/car_odom/local_setup.sh
[0.808s] -- Up-to-date symlink: /root/ws_car/install/car_odom/share/car_odom/local_setup.zsh
[0.808s] -- Up-to-date symlink: /root/ws_car/install/car_odom/share/car_odom/local_setup.dsv
[0.808s] -- Symlinking: /root/ws_car/install/car_odom/share/car_odom/package.dsv
[0.815s] -- Up-to-date symlink: /root/ws_car/install/car_odom/share/ament_index/resource_index/packages/car_odom
[0.815s] -- Up-to-date symlink: /root/ws_car/install/car_odom/share/car_odom/cmake/car_odomConfig.cmake
[0.815s] -- Up-to-date symlink: /root/ws_car/install/car_odom/share/car_odom/cmake/car_odomConfig-version.cmake
[0.815s] -- Up-to-date symlink: /root/ws_car/install/car_odom/share/car_odom/package.xml
[0.817s] Invoked command in '/root/ws_car/build/car_odom' returned '0': CMAKE_PREFIX_PATH=${CMAKE_PREFIX_PATH}:/root/ws_car/install/car_tutorial:/root/ws_car/src/car_tutorial/install/car_tutorial:/root/monicar2_ws/install/monicar2_teleop:/root/monicar2_ws/install/monicar2_localization:/root/monicar2_ws/install/monicar2_imuconverter:/root/monicar2_ws/install/monicar2_bringup:/root/monicar2/install/monicar2_teleop:/root/monicar2/install/monicar2_localization:/root/monicar2/install/monicar2_imuconverter:/root/monicar2/install/monicar2_bringup:/root/turtlebot3_ws/install/turtlebot3_teleop:/root/turtlebot3_ws/install/turtlebot3_example:/opt/ros/humble /usr/bin/cmake --install /root/ws_car/build/car_odom
