[35m[1mConsolidate compiler generated dependencies of target arm_odom[0m
[100%] Built target arm_odom
-- Install configuration: ""
-- Execute custom install script
-- Up-to-date symlink: /home/robot/ws_arm/install/arm_odom/lib/arm_odom/arm_odom
-- Up-to-date symlink: /home/robot/ws_arm/install/arm_odom/share/ament_index/resource_index/package_run_dependencies/arm_odom
-- Up-to-date symlink: /home/robot/ws_arm/install/arm_odom/share/ament_index/resource_index/parent_prefix_path/arm_odom
-- Up-to-date symlink: /home/robot/ws_arm/install/arm_odom/share/arm_odom/environment/ament_prefix_path.sh
-- Up-to-date symlink: /home/robot/ws_arm/install/arm_odom/share/arm_odom/environment/ament_prefix_path.dsv
-- Up-to-date symlink: /home/robot/ws_arm/install/arm_odom/share/arm_odom/environment/path.sh
-- Up-to-date symlink: /home/robot/ws_arm/install/arm_odom/share/arm_odom/environment/path.dsv
-- Up-to-date symlink: /home/robot/ws_arm/install/arm_odom/share/arm_odom/local_setup.bash
-- Up-to-date symlink: /home/robot/ws_arm/install/arm_odom/share/arm_odom/local_setup.sh
-- Up-to-date symlink: /home/robot/ws_arm/install/arm_odom/share/arm_odom/local_setup.zsh
-- Up-to-date symlink: /home/robot/ws_arm/install/arm_odom/share/arm_odom/local_setup.dsv
-- Symlinking: /home/robot/ws_arm/install/arm_odom/share/arm_odom/package.dsv
-- Up-to-date symlink: /home/robot/ws_arm/install/arm_odom/share/ament_index/resource_index/packages/arm_odom
-- Up-to-date symlink: /home/robot/ws_arm/install/arm_odom/share/arm_odom/cmake/arm_odomConfig.cmake
-- Up-to-date symlink: /home/robot/ws_arm/install/arm_odom/share/arm_odom/cmake/arm_odomConfig-version.cmake
-- Up-to-date symlink: /home/robot/ws_arm/install/arm_odom/share/arm_odom/package.xml
