[0.013s] Invoking command in '/home/robot/ws_arm/build/arm_odom': CMAKE_PREFIX_PATH=${CMAKE_PREFIX_PATH}:/home/robot/ws_arm/install/arm_tutorial:/root/turtlebot3_ws/install/turtlebot3_teleop:/root/turtlebot3_ws/install/turtlebot3_example:/root/monicar2_ws/install/monicar2_teleop:/root/monicar2_ws/install/monicar2_localization:/root/monicar2_ws/install/monicar2_imuconverter:/root/monicar2_ws/install/monicar2_bringup:/root/ws_robot/install/urdf_tutorial:/opt/ros/humble /usr/bin/cmake /home/robot/ws_arm/src/arm_odom -DAMENT_CMAKE_SYMLINK_INSTALL=1 -DCMAKE_INSTALL_PREFIX=/home/robot/ws_arm/install/arm_odom
[0.052s] -- The C compiler identification is GNU 11.4.0
[0.100s] -- The CXX compiler identification is GNU 11.4.0
[0.105s] -- Detecting C compiler ABI info
[0.152s] -- Detecting C compiler ABI info - done
[0.157s] -- Check for working C compiler: /usr/bin/cc - skipped
[0.157s] -- Detecting C compile features
[0.158s] -- Detecting C compile features - done
[0.159s] -- Detecting CXX compiler ABI info
[0.214s] -- Detecting CXX compiler ABI info - done
[0.219s] -- Check for working CXX compiler: /usr/bin/c++ - skipped
[0.219s] -- Detecting CXX compile features
[0.219s] -- Detecting CXX compile features - done
[0.223s] -- Found ament_cmake: 1.3.10 (/opt/ros/humble/share/ament_cmake/cmake)
[0.377s] -- Found Python3: /usr/bin/python3 (found version "3.10.12") found components: Interpreter 
[0.423s] -- Override CMake install command with custom implementation using symlinks instead of copying resources
[0.458s] -- Found tf2: 0.25.7 (/opt/ros/humble/share/tf2/cmake)
[0.499s] -- Found rosidl_generator_c: 3.1.5 (/opt/ros/humble/share/rosidl_generator_c/cmake)
[0.505s] -- Found rosidl_adapter: 3.1.5 (/opt/ros/humble/share/rosidl_adapter/cmake)
[0.513s] -- Found rosidl_generator_cpp: 3.1.5 (/opt/ros/humble/share/rosidl_generator_cpp/cmake)
[0.524s] -- Using all available rosidl_typesupport_c: rosidl_typesupport_fastrtps_c;rosidl_typesupport_introspection_c
[0.540s] -- Using all available rosidl_typesupport_cpp: rosidl_typesupport_fastrtps_cpp;rosidl_typesupport_introspection_cpp
[0.570s] -- Found tf2_ros: 0.25.7 (/opt/ros/humble/share/tf2_ros/cmake)
[0.624s] -- Found rmw_implementation_cmake: 6.1.2 (/opt/ros/humble/share/rmw_implementation_cmake/cmake)
[0.627s] -- Found rmw_fastrtps_cpp: 6.2.7 (/opt/ros/humble/share/rmw_fastrtps_cpp/cmake)
[0.691s] -- Found OpenSSL: /usr/lib/x86_64-linux-gnu/libcrypto.so (found version "3.0.2")  
[0.711s] -- Found FastRTPS: /opt/ros/humble/include  
[0.742s] -- Using RMW implementation 'rmw_fastrtps_cpp' as default
[0.751s] -- Looking for pthread.h
[0.800s] -- Looking for pthread.h - found
[0.800s] -- Performing Test CMAKE_HAVE_LIBC_PTHREAD
[0.852s] -- Performing Test CMAKE_HAVE_LIBC_PTHREAD - Success
[0.853s] -- Found Threads: TRUE  
[0.931s] -- Found nav_msgs: 4.2.4 (/opt/ros/humble/share/nav_msgs/cmake)
[0.943s] -- Found ament_lint_auto: 0.12.11 (/opt/ros/humble/share/ament_lint_auto/cmake)
[1.008s] -- Added test 'cppcheck' to perform static code analysis on C / C++ code
[1.008s] -- Configured cppcheck include dirs: 
[1.008s] -- Configured cppcheck exclude dirs and/or files: 
[1.008s] -- Added test 'lint_cmake' to check CMake code style
[1.009s] -- Added test 'uncrustify' to check C / C++ code style
[1.009s] -- Configured uncrustify additional arguments: 
[1.009s] -- Added test 'xmllint' to check XML markup files
[1.011s] -- Configuring done
[1.017s] -- Generating done
[1.018s] -- Build files have been written to: /home/robot/ws_arm/build/arm_odom
[1.025s] Invoked command in '/home/robot/ws_arm/build/arm_odom' returned '0': CMAKE_PREFIX_PATH=${CMAKE_PREFIX_PATH}:/home/robot/ws_arm/install/arm_tutorial:/root/turtlebot3_ws/install/turtlebot3_teleop:/root/turtlebot3_ws/install/turtlebot3_example:/root/monicar2_ws/install/monicar2_teleop:/root/monicar2_ws/install/monicar2_localization:/root/monicar2_ws/install/monicar2_imuconverter:/root/monicar2_ws/install/monicar2_bringup:/root/ws_robot/install/urdf_tutorial:/opt/ros/humble /usr/bin/cmake /home/robot/ws_arm/src/arm_odom -DAMENT_CMAKE_SYMLINK_INSTALL=1 -DCMAKE_INSTALL_PREFIX=/home/robot/ws_arm/install/arm_odom
[1.027s] Invoking command in '/home/robot/ws_arm/build/arm_odom': CMAKE_PREFIX_PATH=${CMAKE_PREFIX_PATH}:/home/robot/ws_arm/install/arm_tutorial:/root/turtlebot3_ws/install/turtlebot3_teleop:/root/turtlebot3_ws/install/turtlebot3_example:/root/monicar2_ws/install/monicar2_teleop:/root/monicar2_ws/install/monicar2_localization:/root/monicar2_ws/install/monicar2_imuconverter:/root/monicar2_ws/install/monicar2_bringup:/root/ws_robot/install/urdf_tutorial:/opt/ros/humble /usr/bin/cmake --build /home/robot/ws_arm/build/arm_odom -- -j8 -l8
[1.064s] [ 50%] [32mBuilding CXX object CMakeFiles/arm_odom.dir/src/arm_odom.cpp.o[0m
[6.388s] [100%] [32m[1mLinking CXX executable arm_odom[0m
[6.673s] [100%] Built target arm_odom
[6.680s] Invoked command in '/home/robot/ws_arm/build/arm_odom' returned '0': CMAKE_PREFIX_PATH=${CMAKE_PREFIX_PATH}:/home/robot/ws_arm/install/arm_tutorial:/root/turtlebot3_ws/install/turtlebot3_teleop:/root/turtlebot3_ws/install/turtlebot3_example:/root/monicar2_ws/install/monicar2_teleop:/root/monicar2_ws/install/monicar2_localization:/root/monicar2_ws/install/monicar2_imuconverter:/root/monicar2_ws/install/monicar2_bringup:/root/ws_robot/install/urdf_tutorial:/opt/ros/humble /usr/bin/cmake --build /home/robot/ws_arm/build/arm_odom -- -j8 -l8
[6.706s] Invoking command in '/home/robot/ws_arm/build/arm_odom': CMAKE_PREFIX_PATH=${CMAKE_PREFIX_PATH}:/home/robot/ws_arm/install/arm_tutorial:/root/turtlebot3_ws/install/turtlebot3_teleop:/root/turtlebot3_ws/install/turtlebot3_example:/root/monicar2_ws/install/monicar2_teleop:/root/monicar2_ws/install/monicar2_localization:/root/monicar2_ws/install/monicar2_imuconverter:/root/monicar2_ws/install/monicar2_bringup:/root/ws_robot/install/urdf_tutorial:/opt/ros/humble /usr/bin/cmake --install /home/robot/ws_arm/build/arm_odom
[6.712s] -- Install configuration: ""
[6.712s] -- Execute custom install script
[6.712s] -- Symlinking: /home/robot/ws_arm/install/arm_odom/lib/arm_odom/arm_odom
[6.718s] -- Symlinking: /home/robot/ws_arm/install/arm_odom/share/ament_index/resource_index/package_run_dependencies/arm_odom
[6.726s] -- Symlinking: /home/robot/ws_arm/install/arm_odom/share/ament_index/resource_index/parent_prefix_path/arm_odom
[6.735s] -- Symlinking: /home/robot/ws_arm/install/arm_odom/share/arm_odom/environment/ament_prefix_path.sh
[6.742s] -- Symlinking: /home/robot/ws_arm/install/arm_odom/share/arm_odom/environment/ament_prefix_path.dsv
[6.749s] -- Symlinking: /home/robot/ws_arm/install/arm_odom/share/arm_odom/environment/path.sh
[6.755s] -- Symlinking: /home/robot/ws_arm/install/arm_odom/share/arm_odom/environment/path.dsv
[6.761s] -- Symlinking: /home/robot/ws_arm/install/arm_odom/share/arm_odom/local_setup.bash
[6.768s] -- Symlinking: /home/robot/ws_arm/install/arm_odom/share/arm_odom/local_setup.sh
[6.776s] -- Symlinking: /home/robot/ws_arm/install/arm_odom/share/arm_odom/local_setup.zsh
[6.783s] -- Symlinking: /home/robot/ws_arm/install/arm_odom/share/arm_odom/local_setup.dsv
[6.790s] -- Symlinking: /home/robot/ws_arm/install/arm_odom/share/arm_odom/package.dsv
[6.796s] -- Symlinking: /home/robot/ws_arm/install/arm_odom/share/ament_index/resource_index/packages/arm_odom
[6.806s] -- Symlinking: /home/robot/ws_arm/install/arm_odom/share/arm_odom/cmake/arm_odomConfig.cmake
[6.814s] -- Symlinking: /home/robot/ws_arm/install/arm_odom/share/arm_odom/cmake/arm_odomConfig-version.cmake
[6.821s] -- Symlinking: /home/robot/ws_arm/install/arm_odom/share/arm_odom/package.xml
[6.828s] Invoked command in '/home/robot/ws_arm/build/arm_odom' returned '0': CMAKE_PREFIX_PATH=${CMAKE_PREFIX_PATH}:/home/robot/ws_arm/install/arm_tutorial:/root/turtlebot3_ws/install/turtlebot3_teleop:/root/turtlebot3_ws/install/turtlebot3_example:/root/monicar2_ws/install/monicar2_teleop:/root/monicar2_ws/install/monicar2_localization:/root/monicar2_ws/install/monicar2_imuconverter:/root/monicar2_ws/install/monicar2_bringup:/root/ws_robot/install/urdf_tutorial:/opt/ros/humble /usr/bin/cmake --install /home/robot/ws_arm/build/arm_odom
