[0.075s] DEBUG:colcon:Command line arguments: ['/usr/bin/colcon', 'build', '--symlink-install']
[0.075s] DEBUG:colcon:Parsed command line arguments: Namespace(log_base=None, log_level=None, verb_name='build', build_base='build', install_base='install', merge_install=False, symlink_install=True, test_result_base=None, continue_on_error=False, executor='parallel', parallel_workers=8, event_handlers=None, ignore_user_meta=False, metas=['./colcon.meta'], base_paths=['.'], packages_ignore=None, packages_ignore_regex=None, paths=None, packages_up_to=None, packages_up_to_regex=None, packages_above=None, packages_above_and_dependencies=None, packages_above_depth=None, packages_select_by_dep=None, packages_skip_by_dep=None, packages_skip_up_to=None, packages_select_build_failed=False, packages_skip_build_finished=False, packages_select_test_failures=False, packages_skip_test_passed=False, packages_select=None, packages_skip=None, packages_select_regex=None, packages_skip_regex=None, packages_start=None, packages_end=None, allow_overriding=[], cmake_args=None, cmake_target=None, cmake_target_skip_unavailable=False, cmake_clean_cache=False, cmake_clean_first=False, cmake_force_configure=False, ament_cmake_args=None, catkin_cmake_args=None, catkin_skip_building_tests=False, mixin_files=None, mixin=None, verb_parser=<colcon_mixin.mixin.mixin_argument.MixinArgumentDecorator object at 0x7dd9fe556080>, verb_extension=<colcon_core.verb.build.BuildVerb object at 0x7dd9fe555a80>, main=<bound method BuildVerb.main of <colcon_core.verb.build.BuildVerb object at 0x7dd9fe555a80>>, mixin_verb=('build',))
[0.189s] Level 1:colcon.colcon_core.package_discovery:discover_packages(colcon_meta) check parameters
[0.189s] Level 1:colcon.colcon_core.package_discovery:discover_packages(recursive) check parameters
[0.189s] Level 1:colcon.colcon_core.package_discovery:discover_packages(ignore) check parameters
[0.189s] Level 1:colcon.colcon_core.package_discovery:discover_packages(path) check parameters
[0.189s] Level 1:colcon.colcon_core.package_discovery:discover_packages(colcon_meta) discover
[0.189s] Level 1:colcon.colcon_core.package_discovery:discover_packages(recursive) discover
[0.189s] INFO:colcon.colcon_core.package_discovery:Crawling recursively for packages in '/root/ws_car/src/car_tutorial'
[0.189s] Level 1:colcon.colcon_core.package_identification:_identify(.) by extensions ['ignore', 'ignore_ament_install']
[0.189s] Level 1:colcon.colcon_core.package_identification:_identify(.) by extension 'ignore'
[0.189s] Level 1:colcon.colcon_core.package_identification:_identify(.) by extension 'ignore_ament_install'
[0.189s] Level 1:colcon.colcon_core.package_identification:_identify(.) by extensions ['colcon_pkg']
[0.189s] Level 1:colcon.colcon_core.package_identification:_identify(.) by extension 'colcon_pkg'
[0.189s] Level 1:colcon.colcon_core.package_identification:_identify(.) by extensions ['colcon_meta']
[0.189s] Level 1:colcon.colcon_core.package_identification:_identify(.) by extension 'colcon_meta'
[0.189s] Level 1:colcon.colcon_core.package_identification:_identify(.) by extensions ['ros']
[0.189s] Level 1:colcon.colcon_core.package_identification:_identify(.) by extension 'ros'
[0.204s] DEBUG:colcon.colcon_core.package_identification:Package '.' with type 'ros.ament_python' and name 'car_tutorial'
[0.204s] Level 1:colcon.colcon_core.package_discovery:discover_packages(recursive) using defaults
[0.204s] Level 1:colcon.colcon_core.package_discovery:discover_packages(ignore) discover
[0.204s] Level 1:colcon.colcon_core.package_discovery:discover_packages(ignore) using defaults
[0.204s] Level 1:colcon.colcon_core.package_discovery:discover_packages(path) discover
[0.204s] Level 1:colcon.colcon_core.package_discovery:discover_packages(path) using defaults
[0.217s] Level 1:colcon.colcon_core.package_discovery:discover_packages(prefix_path) check parameters
[0.217s] Level 1:colcon.colcon_core.package_discovery:discover_packages(prefix_path) discover
[0.217s] WARNING:colcon.colcon_core.prefix_path.colcon:The path '/root/monicar2/install' in the environment variable COLCON_PREFIX_PATH doesn't exist
[0.218s] WARNING:colcon.colcon_ros.prefix_path.ament:The path '/root/monicar2/install/monicar2' in the environment variable AMENT_PREFIX_PATH doesn't exist
[0.218s] WARNING:colcon.colcon_ros.prefix_path.ament:The path '/root/monicar2/install/monicar2_teleop' in the environment variable AMENT_PREFIX_PATH doesn't exist
[0.218s] WARNING:colcon.colcon_ros.prefix_path.ament:The path '/root/monicar2/install/monicar2_navigation2' in the environment variable AMENT_PREFIX_PATH doesn't exist
[0.218s] WARNING:colcon.colcon_ros.prefix_path.ament:The path '/root/monicar2/install/monicar2_localization' in the environment variable AMENT_PREFIX_PATH doesn't exist
[0.218s] WARNING:colcon.colcon_ros.prefix_path.ament:The path '/root/monicar2/install/monicar2_imuconverter' in the environment variable AMENT_PREFIX_PATH doesn't exist
[0.218s] WARNING:colcon.colcon_ros.prefix_path.ament:The path '/root/monicar2/install/monicar2_bringup' in the environment variable AMENT_PREFIX_PATH doesn't exist
[0.218s] WARNING:colcon.colcon_ros.prefix_path.ament:The path '/root/monicar2/install/monicar2_description' in the environment variable AMENT_PREFIX_PATH doesn't exist
[0.218s] WARNING:colcon.colcon_ros.prefix_path.ament:The path '/root/monicar2/install/monicar2_cartographer' in the environment variable AMENT_PREFIX_PATH doesn't exist
[0.218s] WARNING:colcon.colcon_ros.prefix_path.ament:The path '/root/monicar2/install/gz_sim_test' in the environment variable AMENT_PREFIX_PATH doesn't exist
[0.218s] WARNING:colcon.colcon_ros.prefix_path.catkin:The path '/root/monicar2/install/monicar2' in the environment variable CMAKE_PREFIX_PATH doesn't exist
[0.218s] WARNING:colcon.colcon_ros.prefix_path.catkin:The path '/root/monicar2/install/monicar2_navigation2' in the environment variable CMAKE_PREFIX_PATH doesn't exist
[0.218s] WARNING:colcon.colcon_ros.prefix_path.catkin:The path '/root/monicar2/install/monicar2_description' in the environment variable CMAKE_PREFIX_PATH doesn't exist
[0.218s] WARNING:colcon.colcon_ros.prefix_path.catkin:The path '/root/monicar2/install/monicar2_cartographer' in the environment variable CMAKE_PREFIX_PATH doesn't exist
[0.218s] WARNING:colcon.colcon_ros.prefix_path.catkin:The path '/root/monicar2/install/gz_sim_test' in the environment variable CMAKE_PREFIX_PATH doesn't exist
[0.219s] DEBUG:colcon.colcon_installed_package_information.package_discovery:Found 1 installed packages in /root/ws_urdf/install
[0.219s] DEBUG:colcon.colcon_installed_package_information.package_discovery:Found 9 installed packages in /root/monicar2_ws/install
[0.219s] DEBUG:colcon.colcon_installed_package_information.package_discovery:Found 15 installed packages in /root/turtlebot3_ws/install
[0.220s] DEBUG:colcon.colcon_installed_package_information.package_discovery:Found 450 installed packages in /opt/ros/humble
[0.222s] Level 1:colcon.colcon_core.package_discovery:discover_packages(prefix_path) using defaults
[0.255s] Level 5:colcon.colcon_core.verb:set package 'car_tutorial' build argument 'cmake_args' from command line to 'None'
[0.255s] Level 5:colcon.colcon_core.verb:set package 'car_tutorial' build argument 'cmake_target' from command line to 'None'
[0.255s] Level 5:colcon.colcon_core.verb:set package 'car_tutorial' build argument 'cmake_target_skip_unavailable' from command line to 'False'
[0.255s] Level 5:colcon.colcon_core.verb:set package 'car_tutorial' build argument 'cmake_clean_cache' from command line to 'False'
[0.255s] Level 5:colcon.colcon_core.verb:set package 'car_tutorial' build argument 'cmake_clean_first' from command line to 'False'
[0.255s] Level 5:colcon.colcon_core.verb:set package 'car_tutorial' build argument 'cmake_force_configure' from command line to 'False'
[0.255s] Level 5:colcon.colcon_core.verb:set package 'car_tutorial' build argument 'ament_cmake_args' from command line to 'None'
[0.255s] Level 5:colcon.colcon_core.verb:set package 'car_tutorial' build argument 'catkin_cmake_args' from command line to 'None'
[0.255s] Level 5:colcon.colcon_core.verb:set package 'car_tutorial' build argument 'catkin_skip_building_tests' from command line to 'False'
[0.255s] DEBUG:colcon.colcon_core.verb:Building package 'car_tutorial' with the following arguments: {'ament_cmake_args': None, 'build_base': '/root/ws_car/src/car_tutorial/build/car_tutorial', 'catkin_cmake_args': None, 'catkin_skip_building_tests': False, 'cmake_args': None, 'cmake_clean_cache': False, 'cmake_clean_first': False, 'cmake_force_configure': False, 'cmake_target': None, 'cmake_target_skip_unavailable': False, 'install_base': '/root/ws_car/src/car_tutorial/install/car_tutorial', 'merge_install': False, 'path': '/root/ws_car/src/car_tutorial', 'symlink_install': True, 'test_result_base': None}
[0.255s] INFO:colcon.colcon_core.executor:Executing jobs using 'parallel' executor
[0.256s] DEBUG:colcon.colcon_parallel_executor.executor.parallel:run_until_complete
[0.256s] INFO:colcon.colcon_ros.task.ament_python.build:Building ROS package in '/root/ws_car/src/car_tutorial' with build type 'ament_python'
[0.256s] Level 1:colcon.colcon_core.shell:create_environment_hook('car_tutorial', 'ament_prefix_path')
[0.257s] INFO:colcon.colcon_core.plugin_system:Skipping extension 'colcon_core.shell.bat': Not used on non-Windows systems
[0.257s] INFO:colcon.colcon_core.shell:Creating environment hook '/root/ws_car/src/car_tutorial/install/car_tutorial/share/car_tutorial/hook/ament_prefix_path.ps1'
[0.258s] INFO:colcon.colcon_core.shell:Creating environment descriptor '/root/ws_car/src/car_tutorial/install/car_tutorial/share/car_tutorial/hook/ament_prefix_path.dsv'
[0.258s] INFO:colcon.colcon_core.shell:Creating environment hook '/root/ws_car/src/car_tutorial/install/car_tutorial/share/car_tutorial/hook/ament_prefix_path.sh'
[0.258s] INFO:colcon.colcon_core.shell:Skip shell extension 'powershell' for command environment: Not usable outside of PowerShell
[0.258s] DEBUG:colcon.colcon_core.shell:Skip shell extension 'dsv' for command environment
[0.438s] INFO:colcon.colcon_core.task.python.build:Building Python package in '/root/ws_car/src/car_tutorial'
[0.438s] INFO:colcon.colcon_core.shell:Skip shell extension 'powershell' for command environment: Not usable outside of PowerShell
[0.438s] DEBUG:colcon.colcon_core.shell:Skip shell extension 'dsv' for command environment
[0.676s] DEBUG:colcon.colcon_core.event_handler.log_command:Invoking command in '/root/ws_car/src/car_tutorial/build/car_tutorial': PYTHONPATH=/root/ws_car/src/car_tutorial/build/car_tutorial/prefix_override:/root/ws_car/src/car_tutorial/install/car_tutorial/lib/python3.10/site-packages:${PYTHONPATH} /usr/bin/python3 -W ignore:setup.py install is deprecated setup.py develop --editable --build-directory /root/ws_car/src/car_tutorial/build/car_tutorial/build --no-deps symlink_data
[0.983s] Level 1:colcon.colcon_core.shell:create_environment_hook('car_tutorial', 'pythonpath_develop')
[0.984s] INFO:colcon.colcon_core.shell:Creating environment hook '/root/ws_car/src/car_tutorial/build/car_tutorial/share/car_tutorial/hook/pythonpath_develop.ps1'
[0.984s] DEBUG:colcon.colcon_core.event_handler.log_command:Invoked command in '/root/ws_car/src/car_tutorial/build/car_tutorial' returned '0': PYTHONPATH=/root/ws_car/src/car_tutorial/build/car_tutorial/prefix_override:/root/ws_car/src/car_tutorial/install/car_tutorial/lib/python3.10/site-packages:${PYTHONPATH} /usr/bin/python3 -W ignore:setup.py install is deprecated setup.py develop --editable --build-directory /root/ws_car/src/car_tutorial/build/car_tutorial/build --no-deps symlink_data
[0.984s] INFO:colcon.colcon_core.shell:Creating environment descriptor '/root/ws_car/src/car_tutorial/build/car_tutorial/share/car_tutorial/hook/pythonpath_develop.dsv'
[0.985s] INFO:colcon.colcon_core.shell:Creating environment hook '/root/ws_car/src/car_tutorial/build/car_tutorial/share/car_tutorial/hook/pythonpath_develop.sh'
[0.986s] Level 1:colcon.colcon_core.environment:checking '/root/ws_car/src/car_tutorial/install/car_tutorial' for CMake module files
[0.986s] Level 1:colcon.colcon_core.environment:checking '/root/ws_car/src/car_tutorial/install/car_tutorial' for CMake config files
[0.987s] Level 1:colcon.colcon_core.environment:checking '/root/ws_car/src/car_tutorial/install/car_tutorial/lib'
[0.987s] Level 1:colcon.colcon_core.environment:checking '/root/ws_car/src/car_tutorial/install/car_tutorial/bin'
[0.987s] Level 1:colcon.colcon_core.environment:checking '/root/ws_car/src/car_tutorial/install/car_tutorial/lib/pkgconfig/car_tutorial.pc'
[0.987s] Level 1:colcon.colcon_core.environment:checking '/root/ws_car/src/car_tutorial/install/car_tutorial/lib/python3.10/site-packages'
[0.987s] Level 1:colcon.colcon_core.shell:create_environment_hook('car_tutorial', 'pythonpath')
[0.987s] INFO:colcon.colcon_core.shell:Creating environment hook '/root/ws_car/src/car_tutorial/install/car_tutorial/share/car_tutorial/hook/pythonpath.ps1'
[0.987s] INFO:colcon.colcon_core.shell:Creating environment descriptor '/root/ws_car/src/car_tutorial/install/car_tutorial/share/car_tutorial/hook/pythonpath.dsv'
[0.987s] INFO:colcon.colcon_core.shell:Creating environment hook '/root/ws_car/src/car_tutorial/install/car_tutorial/share/car_tutorial/hook/pythonpath.sh'
[0.988s] Level 1:colcon.colcon_core.environment:checking '/root/ws_car/src/car_tutorial/install/car_tutorial/bin'
[0.988s] Level 1:colcon.colcon_core.environment:create_environment_scripts_only(car_tutorial)
[0.988s] INFO:colcon.colcon_core.shell:Creating package script '/root/ws_car/src/car_tutorial/install/car_tutorial/share/car_tutorial/package.ps1'
[0.988s] INFO:colcon.colcon_core.shell:Creating package descriptor '/root/ws_car/src/car_tutorial/install/car_tutorial/share/car_tutorial/package.dsv'
[0.989s] INFO:colcon.colcon_core.shell:Creating package script '/root/ws_car/src/car_tutorial/install/car_tutorial/share/car_tutorial/package.sh'
[0.989s] INFO:colcon.colcon_core.shell:Creating package script '/root/ws_car/src/car_tutorial/install/car_tutorial/share/car_tutorial/package.bash'
[0.989s] INFO:colcon.colcon_core.shell:Creating package script '/root/ws_car/src/car_tutorial/install/car_tutorial/share/car_tutorial/package.zsh'
[0.990s] Level 1:colcon.colcon_core.environment:create_file_with_runtime_dependencies(/root/ws_car/src/car_tutorial/install/car_tutorial/share/colcon-core/packages/car_tutorial)
[0.990s] DEBUG:colcon.colcon_parallel_executor.executor.parallel:closing loop
[0.990s] DEBUG:colcon.colcon_parallel_executor.executor.parallel:loop closed
[0.990s] DEBUG:colcon.colcon_parallel_executor.executor.parallel:run_until_complete finished with '0'
[0.990s] DEBUG:colcon.colcon_core.event_reactor:joining thread
[0.994s] INFO:colcon.colcon_core.plugin_system:Skipping extension 'colcon_notification.desktop_notification.terminal_notifier': Not used on non-Darwin systems
[0.994s] INFO:colcon.colcon_core.plugin_system:Skipping extension 'colcon_notification.desktop_notification.win32': Not used on non-Windows systems
[0.994s] INFO:colcon.colcon_notification.desktop_notification:Sending desktop notification using 'notify2'
[0.994s] DEBUG:colcon.colcon_notification.desktop_notification.notify2:Failed to initialize notify2: org.freedesktop.DBus.Error.NoReply: Did not receive a reply. Possible causes include: the remote application did not send a reply, the message bus security policy blocked the reply, the reply timeout expired, or the network connection was broken.
[0.994s] DEBUG:colcon.colcon_core.event_reactor:joined thread
[0.994s] INFO:colcon.colcon_core.shell:Creating prefix script '/root/ws_car/src/car_tutorial/install/local_setup.ps1'
[0.995s] INFO:colcon.colcon_core.shell:Creating prefix util module '/root/ws_car/src/car_tutorial/install/_local_setup_util_ps1.py'
[0.995s] INFO:colcon.colcon_core.shell:Creating prefix chain script '/root/ws_car/src/car_tutorial/install/setup.ps1'
[0.996s] INFO:colcon.colcon_core.shell:Creating prefix script '/root/ws_car/src/car_tutorial/install/local_setup.sh'
[0.997s] INFO:colcon.colcon_core.shell:Creating prefix util module '/root/ws_car/src/car_tutorial/install/_local_setup_util_sh.py'
[0.997s] INFO:colcon.colcon_core.shell:Creating prefix chain script '/root/ws_car/src/car_tutorial/install/setup.sh'
[0.998s] INFO:colcon.colcon_core.shell:Creating prefix script '/root/ws_car/src/car_tutorial/install/local_setup.bash'
[0.998s] INFO:colcon.colcon_core.shell:Creating prefix chain script '/root/ws_car/src/car_tutorial/install/setup.bash'
[0.999s] INFO:colcon.colcon_core.shell:Creating prefix script '/root/ws_car/src/car_tutorial/install/local_setup.zsh'
[1.000s] INFO:colcon.colcon_core.shell:Creating prefix chain script '/root/ws_car/src/car_tutorial/install/setup.zsh'
