[0.015s] Invoking command in '/home/robot/ws_arm/build/arm_odom': CMAKE_PREFIX_PATH=${CMAKE_PREFIX_PATH}:/home/robot/ws_arm/install/arm_tutorial:/root/turtlebot3_ws/install/turtlebot3_teleop:/root/turtlebot3_ws/install/turtlebot3_example:/root/monicar2_ws/install/monicar2_teleop:/root/monicar2_ws/install/monicar2_localization:/root/monicar2_ws/install/monicar2_imuconverter:/root/monicar2_ws/install/monicar2_bringup:/root/ws_robot/install/urdf_tutorial:/opt/ros/humble /usr/bin/cmake --build /home/robot/ws_arm/build/arm_odom -- -j8 -l8
[0.057s] [100%] Built target arm_odom
[0.208s] Invoked command in '/home/robot/ws_arm/build/arm_odom' returned '0': CMAKE_PREFIX_PATH=${CMAKE_PREFIX_PATH}:/home/robot/ws_arm/install/arm_tutorial:/root/turtlebot3_ws/install/turtlebot3_teleop:/root/turtlebot3_ws/install/turtlebot3_example:/root/monicar2_ws/install/monicar2_teleop:/root/monicar2_ws/install/monicar2_localization:/root/monicar2_ws/install/monicar2_imuconverter:/root/monicar2_ws/install/monicar2_bringup:/root/ws_robot/install/urdf_tutorial:/opt/ros/humble /usr/bin/cmake --build /home/robot/ws_arm/build/arm_odom -- -j8 -l8
[0.231s] Invoking command in '/home/robot/ws_arm/build/arm_odom': CMAKE_PREFIX_PATH=${CMAKE_PREFIX_PATH}:/home/robot/ws_arm/install/arm_tutorial:/root/turtlebot3_ws/install/turtlebot3_teleop:/root/turtlebot3_ws/install/turtlebot3_example:/root/monicar2_ws/install/monicar2_teleop:/root/monicar2_ws/install/monicar2_localization:/root/monicar2_ws/install/monicar2_imuconverter:/root/monicar2_ws/install/monicar2_bringup:/root/ws_robot/install/urdf_tutorial:/opt/ros/humble /usr/bin/cmake --install /home/robot/ws_arm/build/arm_odom
[0.236s] -- Install configuration: ""
[0.236s] -- Execute custom install script
[0.237s] -- Up-to-date symlink: /home/robot/ws_arm/install/arm_odom/lib/arm_odom/arm_odom
[0.237s] -- Up-to-date symlink: /home/robot/ws_arm/install/arm_odom/share/ament_index/resource_index/package_run_dependencies/arm_odom
[0.237s] -- Up-to-date symlink: /home/robot/ws_arm/install/arm_odom/share/ament_index/resource_index/parent_prefix_path/arm_odom
[0.238s] -- Up-to-date symlink: /home/robot/ws_arm/install/arm_odom/share/arm_odom/environment/ament_prefix_path.sh
[0.238s] -- Up-to-date symlink: /home/robot/ws_arm/install/arm_odom/share/arm_odom/environment/ament_prefix_path.dsv
[0.238s] -- Up-to-date symlink: /home/robot/ws_arm/install/arm_odom/share/arm_odom/environment/path.sh
[0.238s] -- Up-to-date symlink: /home/robot/ws_arm/install/arm_odom/share/arm_odom/environment/path.dsv
[0.238s] -- Up-to-date symlink: /home/robot/ws_arm/install/arm_odom/share/arm_odom/local_setup.bash
[0.238s] -- Up-to-date symlink: /home/robot/ws_arm/install/arm_odom/share/arm_odom/local_setup.sh
[0.238s] -- Up-to-date symlink: /home/robot/ws_arm/install/arm_odom/share/arm_odom/local_setup.zsh
[0.238s] -- Up-to-date symlink: /home/robot/ws_arm/install/arm_odom/share/arm_odom/local_setup.dsv
[0.238s] -- Symlinking: /home/robot/ws_arm/install/arm_odom/share/arm_odom/package.dsv
[0.245s] -- Up-to-date symlink: /home/robot/ws_arm/install/arm_odom/share/ament_index/resource_index/packages/arm_odom
[0.245s] -- Up-to-date symlink: /home/robot/ws_arm/install/arm_odom/share/arm_odom/cmake/arm_odomConfig.cmake
[0.245s] -- Up-to-date symlink: /home/robot/ws_arm/install/arm_odom/share/arm_odom/cmake/arm_odomConfig-version.cmake
[0.245s] -- Up-to-date symlink: /home/robot/ws_arm/install/arm_odom/share/arm_odom/package.xml
[0.246s] Invoked command in '/home/robot/ws_arm/build/arm_odom' returned '0': CMAKE_PREFIX_PATH=${CMAKE_PREFIX_PATH}:/home/robot/ws_arm/install/arm_tutorial:/root/turtlebot3_ws/install/turtlebot3_teleop:/root/turtlebot3_ws/install/turtlebot3_example:/root/monicar2_ws/install/monicar2_teleop:/root/monicar2_ws/install/monicar2_localization:/root/monicar2_ws/install/monicar2_imuconverter:/root/monicar2_ws/install/monicar2_bringup:/root/ws_robot/install/urdf_tutorial:/opt/ros/humble /usr/bin/cmake --install /home/robot/ws_arm/build/arm_odom
