running develop
running egg_info
creating car_tutorial.egg-info
writing car_tutorial.egg-info/PKG-INFO
writing dependency_links to car_tutorial.egg-info/dependency_links.txt
writing entry points to car_tutorial.egg-info/entry_points.txt
writing requirements to car_tutorial.egg-info/requires.txt
writing top-level names to car_tutorial.egg-info/top_level.txt
writing manifest file 'car_tutorial.egg-info/SOURCES.txt'
reading manifest file 'car_tutorial.egg-info/SOURCES.txt'
writing manifest file 'car_tutorial.egg-info/SOURCES.txt'
running build_ext
Creating /root/ws_car/install/car_tutorial/lib/python3.10/site-packages/car-tutorial.egg-link (link to .)
Installing fake_driver script to /root/ws_car/install/car_tutorial/lib/car_tutorial

Installed /root/ws_car/build/car_tutorial
running symlink_data
creating /root/ws_car/install/car_tutorial/share/ament_index
creating /root/ws_car/install/car_tutorial/share/ament_index/resource_index
creating /root/ws_car/install/car_tutorial/share/ament_index/resource_index/packages
symbolically linking /root/ws_car/build/car_tutorial/resource/car_tutorial -> /root/ws_car/install/car_tutorial/share/ament_index/resource_index/packages
symbolically linking /root/ws_car/build/car_tutorial/package.xml -> /root/ws_car/install/car_tutorial/share/car_tutorial
creating /root/ws_car/install/car_tutorial/share/car_tutorial/launch
symbolically linking /root/ws_car/build/car_tutorial/launch/fake.launch.py -> /root/ws_car/install/car_tutorial/share/car_tutorial/launch
creating /root/ws_car/install/car_tutorial/share/car_tutorial/config
symbolically linking /root/ws_car/build/car_tutorial/config/car.rviz -> /root/ws_car/install/car_tutorial/share/car_tutorial/config
creating /root/ws_car/install/car_tutorial/share/car_tutorial/urdf
symbolically linking /root/ws_car/build/car_tutorial/urdf/car.xacro -> /root/ws_car/install/car_tutorial/share/car_tutorial/urdf
