[0.425s] Invoking command in '/root/ws_car/build/car_tutorial': PYTHONPATH=/root/ws_car/build/car_tutorial/prefix_override:/root/ws_car/install/car_tutorial/lib/python3.10/site-packages:${PYTHONPATH} /usr/bin/python3 -W ignore:setup.py install is deprecated setup.py develop --editable --build-directory /root/ws_car/build/car_tutorial/build --no-deps symlink_data
[0.606s] running develop
[0.713s] running egg_info
[0.713s] creating car_tutorial.egg-info
[0.713s] writing car_tutorial.egg-info/PKG-INFO
[0.713s] writing dependency_links to car_tutorial.egg-info/dependency_links.txt
[0.713s] writing entry points to car_tutorial.egg-info/entry_points.txt
[0.713s] writing requirements to car_tutorial.egg-info/requires.txt
[0.713s] writing top-level names to car_tutorial.egg-info/top_level.txt
[0.713s] writing manifest file 'car_tutorial.egg-info/SOURCES.txt'
[0.714s] reading manifest file 'car_tutorial.egg-info/SOURCES.txt'
[0.714s] writing manifest file 'car_tutorial.egg-info/SOURCES.txt'
[0.715s] running build_ext
[0.715s] Creating /root/ws_car/install/car_tutorial/lib/python3.10/site-packages/car-tutorial.egg-link (link to .)
[0.716s] Installing fake_driver script to /root/ws_car/install/car_tutorial/lib/car_tutorial
[0.716s] 
[0.716s] Installed /root/ws_car/build/car_tutorial
[0.716s] running symlink_data
[0.716s] creating /root/ws_car/install/car_tutorial/share/ament_index
[0.716s] creating /root/ws_car/install/car_tutorial/share/ament_index/resource_index
[0.716s] creating /root/ws_car/install/car_tutorial/share/ament_index/resource_index/packages
[0.716s] symbolically linking /root/ws_car/build/car_tutorial/resource/car_tutorial -> /root/ws_car/install/car_tutorial/share/ament_index/resource_index/packages
[0.716s] symbolically linking /root/ws_car/build/car_tutorial/package.xml -> /root/ws_car/install/car_tutorial/share/car_tutorial
[0.716s] creating /root/ws_car/install/car_tutorial/share/car_tutorial/launch
[0.716s] symbolically linking /root/ws_car/build/car_tutorial/launch/fake.launch.py -> /root/ws_car/install/car_tutorial/share/car_tutorial/launch
[0.716s] creating /root/ws_car/install/car_tutorial/share/car_tutorial/config
[0.716s] symbolically linking /root/ws_car/build/car_tutorial/config/car.rviz -> /root/ws_car/install/car_tutorial/share/car_tutorial/config
[0.716s] creating /root/ws_car/install/car_tutorial/share/car_tutorial/urdf
[0.716s] symbolically linking /root/ws_car/build/car_tutorial/urdf/car.xacro -> /root/ws_car/install/car_tutorial/share/car_tutorial/urdf
[0.737s] Invoked command in '/root/ws_car/build/car_tutorial' returned '0': PYTHONPATH=/root/ws_car/build/car_tutorial/prefix_override:/root/ws_car/install/car_tutorial/lib/python3.10/site-packages:${PYTHONPATH} /usr/bin/python3 -W ignore:setup.py install is deprecated setup.py develop --editable --build-directory /root/ws_car/build/car_tutorial/build --no-deps symlink_data
